/orcd/home/002/isawu888/LlamaGen_6S976/watermark/run_attack2.py:33: FutureWarning: You are using `torch.load` with `weights_only=False` (the current default value), which uses the default pickle module implicitly. It is possible to construct malicious pickle data which will execute arbitrary code during unpickling (See https://github.com/pytorch/pytorch/blob/main/SECURITY.md#untrusted-models for more details). In a future release, the default value for `weights_only` will be flipped to `True`. This limits the functions that could be executed during unpickling. Arbitrary objects will no longer be allowed to be loaded via this mode unless they are explicitly allowlisted by the user via `torch.serialization.add_safe_globals`. We recommend you start setting `weights_only=True` for any use case where you don't have full control of the loaded file. Please open an issue on GitHub for any issues related to this experimental feature.
  checkpoint = torch.load("pretrained_models/vq_ds16_c2i.pt", map_location=device)
/home/isawu888/miniconda3/envs/llamagen/lib/python3.10/site-packages/torchvision/models/_utils.py:208: UserWarning: The parameter 'pretrained' is deprecated since 0.13 and may be removed in the future, please use 'weights' instead.
  warnings.warn(
/home/isawu888/miniconda3/envs/llamagen/lib/python3.10/site-packages/torchvision/models/_utils.py:223: UserWarning: Arguments other than a weight enum or `None` for 'weights' are deprecated since 0.13 and may be removed in the future. The current behavior is equivalent to passing `weights=AlexNet_Weights.IMAGENET1K_V1`. You can also use `weights=AlexNet_Weights.DEFAULT` to get the most up-to-date weights.
  warnings.warn(msg)
/home/isawu888/miniconda3/envs/llamagen/lib/python3.10/site-packages/lpips/lpips.py:107: FutureWarning: You are using `torch.load` with `weights_only=False` (the current default value), which uses the default pickle module implicitly. It is possible to construct malicious pickle data which will execute arbitrary code during unpickling (See https://github.com/pytorch/pytorch/blob/main/SECURITY.md#untrusted-models for more details). In a future release, the default value for `weights_only` will be flipped to `True`. This limits the functions that could be executed during unpickling. Arbitrary objects will no longer be allowed to be loaded via this mode unless they are explicitly allowlisted by the user via `torch.serialization.add_safe_globals`. We recommend you start setting `weights_only=True` for any use case where you don't have full control of the loaded file. Please open an issue on GitHub for any issues related to this experimental feature.
  self.load_state_dict(torch.load(model_path, map_location='cpu'), strict=False)
/orcd/home/002/isawu888/LlamaGen_6S976/watermark/run_attack2.py:59: FutureWarning: You are using `torch.load` with `weights_only=False` (the current default value), which uses the default pickle module implicitly. It is possible to construct malicious pickle data which will execute arbitrary code during unpickling (See https://github.com/pytorch/pytorch/blob/main/SECURITY.md#untrusted-models for more details). In a future release, the default value for `weights_only` will be flipped to `True`. This limits the functions that could be executed during unpickling. Arbitrary objects will no longer be allowed to be loaded via this mode unless they are explicitly allowlisted by the user via `torch.serialization.add_safe_globals`. We recommend you start setting `weights_only=True` for any use case where you don't have full control of the loaded file. Please open an issue on GitHub for any issues related to this experimental feature.
  orig_tokens = torch.load(token_path)
Loading VQ-VAE...
Loading LPIPS...
Setting up [LPIPS] perceptual loss: trunk [alex], v[0.1], spatial [off]
Loading model from: /home/isawu888/miniconda3/envs/llamagen/lib/python3.10/site-packages/lpips/weights/v0.1/alex.pth
[0] survived=True, score=460/572, LPIPS=0.0188, tokens changed=47/576 (8.2%)
[1] survived=True, score=380/572, LPIPS=0.0158, tokens changed=119/576 (20.7%)
[2] survived=True, score=458/572, LPIPS=0.0232, tokens changed=64/576 (11.1%)
[3] survived=True, score=338/572, LPIPS=0.0254, tokens changed=197/576 (34.2%)
[4] survived=True, score=414/572, LPIPS=0.0147, tokens changed=103/576 (17.9%)
[5] survived=True, score=439/572, LPIPS=0.0136, tokens changed=72/576 (12.5%)
[6] survived=True, score=409/572, LPIPS=0.0159, tokens changed=87/576 (15.1%)
[7] survived=True, score=415/572, LPIPS=0.0263, tokens changed=80/576 (13.9%)
[8] survived=True, score=478/572, LPIPS=0.0223, tokens changed=47/576 (8.2%)
[9] survived=True, score=342/572, LPIPS=0.0089, tokens changed=184/576 (31.9%)
[10] survived=True, score=461/572, LPIPS=0.0173, tokens changed=68/576 (11.8%)
[11] survived=True, score=399/572, LPIPS=0.0118, tokens changed=117/576 (20.3%)
[12] survived=True, score=379/572, LPIPS=0.0166, tokens changed=117/576 (20.3%)
[13] survived=True, score=428/572, LPIPS=0.0294, tokens changed=105/576 (18.2%)
[14] survived=True, score=428/572, LPIPS=0.0175, tokens changed=92/576 (16.0%)
[15] survived=True, score=378/572, LPIPS=0.0292, tokens changed=112/576 (19.4%)
[16] survived=True, score=448/572, LPIPS=0.0224, tokens changed=68/576 (11.8%)
[17] survived=True, score=451/572, LPIPS=0.0126, tokens changed=58/576 (10.1%)
[18] survived=True, score=460/572, LPIPS=0.0104, tokens changed=59/576 (10.2%)
[19] survived=True, score=468/572, LPIPS=0.0071, tokens changed=54/576 (9.4%)
[20] survived=True, score=392/572, LPIPS=0.0287, tokens changed=98/576 (17.0%)
[21] survived=False, score=303/572, LPIPS=0.0146, tokens changed=263/576 (45.7%)
[22] survived=True, score=346/572, LPIPS=0.0157, tokens changed=170/576 (29.5%)
[23] survived=True, score=342/572, LPIPS=0.0149, tokens changed=196/576 (34.0%)
[24] survived=True, score=452/572, LPIPS=0.0167, tokens changed=65/576 (11.3%)
[25] survived=True, score=438/572, LPIPS=0.0389, tokens changed=68/576 (11.8%)
[26] survived=True, score=495/572, LPIPS=0.0129, tokens changed=38/576 (6.6%)
[27] survived=True, score=512/572, LPIPS=0.0104, tokens changed=27/576 (4.7%)
[28] survived=True, score=462/572, LPIPS=0.0192, tokens changed=56/576 (9.7%)
[29] survived=True, score=484/572, LPIPS=0.0087, tokens changed=49/576 (8.5%)
[30] survived=True, score=465/572, LPIPS=0.0232, tokens changed=53/576 (9.2%)
[31] survived=True, score=347/572, LPIPS=0.0275, tokens changed=163/576 (28.3%)
[32] survived=True, score=509/572, LPIPS=0.0152, tokens changed=29/576 (5.0%)
[33] survived=True, score=472/572, LPIPS=0.0163, tokens changed=53/576 (9.2%)
[34] survived=True, score=428/572, LPIPS=0.0367, tokens changed=87/576 (15.1%)
[35] survived=True, score=453/572, LPIPS=0.0328, tokens changed=62/576 (10.8%)
[36] survived=True, score=477/572, LPIPS=0.0152, tokens changed=53/576 (9.2%)
[37] survived=True, score=421/572, LPIPS=0.0455, tokens changed=83/576 (14.4%)
[38] survived=True, score=463/572, LPIPS=0.0218, tokens changed=68/576 (11.8%)
[39] survived=True, score=430/572, LPIPS=0.0281, tokens changed=81/576 (14.1%)
[40] survived=True, score=380/572, LPIPS=0.0226, tokens changed=110/576 (19.1%)
[41] survived=True, score=388/572, LPIPS=0.0357, tokens changed=105/576 (18.2%)
[42] survived=True, score=406/572, LPIPS=0.0343, tokens changed=88/576 (15.3%)
[43] survived=True, score=419/572, LPIPS=0.0410, tokens changed=88/576 (15.3%)
[44] survived=True, score=459/572, LPIPS=0.0331, tokens changed=61/576 (10.6%)
[45] survived=True, score=408/572, LPIPS=0.0315, tokens changed=100/576 (17.4%)
[46] survived=True, score=462/572, LPIPS=0.0168, tokens changed=59/576 (10.2%)
[47] survived=True, score=460/572, LPIPS=0.0200, tokens changed=60/576 (10.4%)
[48] survived=True, score=434/572, LPIPS=0.0589, tokens changed=71/576 (12.3%)
[49] survived=True, score=391/572, LPIPS=0.0373, tokens changed=127/576 (22.0%)
[50] survived=True, score=385/572, LPIPS=0.0533, tokens changed=131/576 (22.7%)
[51] survived=True, score=411/572, LPIPS=0.0094, tokens changed=130/576 (22.6%)
[52] survived=True, score=360/572, LPIPS=0.0287, tokens changed=128/576 (22.2%)
[53] survived=True, score=395/572, LPIPS=0.0315, tokens changed=112/576 (19.4%)
[54] survived=True, score=405/572, LPIPS=0.0510, tokens changed=103/576 (17.9%)
[55] survived=True, score=375/572, LPIPS=0.0248, tokens changed=141/576 (24.5%)
[56] survived=True, score=441/572, LPIPS=0.0362, tokens changed=61/576 (10.6%)
[57] survived=True, score=434/572, LPIPS=0.0141, tokens changed=73/576 (12.7%)
[58] survived=True, score=378/572, LPIPS=0.0213, tokens changed=124/576 (21.5%)
[59] survived=True, score=368/572, LPIPS=0.0228, tokens changed=111/576 (19.3%)
[60] survived=True, score=392/572, LPIPS=0.0281, tokens changed=113/576 (19.6%)
[61] survived=True, score=456/572, LPIPS=0.0189, tokens changed=63/576 (10.9%)
[62] survived=True, score=479/572, LPIPS=0.0256, tokens changed=47/576 (8.2%)
[63] survived=True, score=397/572, LPIPS=0.0394, tokens changed=124/576 (21.5%)
[64] survived=True, score=444/572, LPIPS=0.0127, tokens changed=71/576 (12.3%)
[65] survived=True, score=371/572, LPIPS=0.0327, tokens changed=125/576 (21.7%)
[66] survived=True, score=476/572, LPIPS=0.0117, tokens changed=69/576 (12.0%)
[67] survived=True, score=435/572, LPIPS=0.0465, tokens changed=83/576 (14.4%)
[68] survived=True, score=506/572, LPIPS=0.0133, tokens changed=40/576 (6.9%)
[69] survived=True, score=366/572, LPIPS=0.0303, tokens changed=177/576 (30.7%)
[70] survived=True, score=473/572, LPIPS=0.0158, tokens changed=61/576 (10.6%)
[71] survived=True, score=490/572, LPIPS=0.0112, tokens changed=39/576 (6.8%)
[72] survived=True, score=424/572, LPIPS=0.0213, tokens changed=84/576 (14.6%)
[73] survived=True, score=359/572, LPIPS=0.0312, tokens changed=141/576 (24.5%)
[74] survived=True, score=414/572, LPIPS=0.0224, tokens changed=89/576 (15.5%)
[75] survived=True, score=406/572, LPIPS=0.0102, tokens changed=90/576 (15.6%)
[76] survived=True, score=463/572, LPIPS=0.0257, tokens changed=55/576 (9.5%)
[77] survived=True, score=512/572, LPIPS=0.0149, tokens changed=31/576 (5.4%)
[78] survived=True, score=384/572, LPIPS=0.0197, tokens changed=118/576 (20.5%)
[79] survived=True, score=418/572, LPIPS=0.0524, tokens changed=102/576 (17.7%)
[80] survived=True, score=465/572, LPIPS=0.0057, tokens changed=49/576 (8.5%)
[81] survived=True, score=491/572, LPIPS=0.0141, tokens changed=45/576 (7.8%)
[82] survived=True, score=456/572, LPIPS=0.0246, tokens changed=61/576 (10.6%)
[83] survived=True, score=427/572, LPIPS=0.0253, tokens changed=81/576 (14.1%)
[84] survived=True, score=355/572, LPIPS=0.0597, tokens changed=135/576 (23.4%)
[85] survived=True, score=393/572, LPIPS=0.0515, tokens changed=115/576 (20.0%)
[86] survived=True, score=470/572, LPIPS=0.0165, tokens changed=47/576 (8.2%)
[87] survived=False, score=322/572, LPIPS=0.0336, tokens changed=192/576 (33.3%)
[88] survived=True, score=476/572, LPIPS=0.0193, tokens changed=47/576 (8.2%)
[89] survived=True, score=432/572, LPIPS=0.0118, tokens changed=75/576 (13.0%)
[90] survived=True, score=465/572, LPIPS=0.0187, tokens changed=58/576 (10.1%)
[91] survived=True, score=420/572, LPIPS=0.0243, tokens changed=82/576 (14.2%)
[92] survived=False, score=315/572, LPIPS=0.0174, tokens changed=199/576 (34.5%)
[93] survived=True, score=536/572, LPIPS=0.0042, tokens changed=18/576 (3.1%)
[94] survived=True, score=435/572, LPIPS=0.0128, tokens changed=67/576 (11.6%)
[95] survived=True, score=434/572, LPIPS=0.0136, tokens changed=65/576 (11.3%)
[96] survived=True, score=463/572, LPIPS=0.0108, tokens changed=47/576 (8.2%)
[97] survived=True, score=402/572, LPIPS=0.0249, tokens changed=126/576 (21.9%)
[98] survived=True, score=420/572, LPIPS=0.0083, tokens changed=80/576 (13.9%)
[99] survived=True, score=391/572, LPIPS=0.0335, tokens changed=94/576 (16.3%)
[100] survived=True, score=447/572, LPIPS=0.0166, tokens changed=69/576 (12.0%)
[101] survived=True, score=411/572, LPIPS=0.0334, tokens changed=84/576 (14.6%)
[102] survived=True, score=427/572, LPIPS=0.0298, tokens changed=85/576 (14.8%)
[103] survived=True, score=471/572, LPIPS=0.0053, tokens changed=54/576 (9.4%)
[104] survived=True, score=454/572, LPIPS=0.0708, tokens changed=66/576 (11.5%)
[105] survived=True, score=434/572, LPIPS=0.0325, tokens changed=79/576 (13.7%)
[106] survived=True, score=372/572, LPIPS=0.0785, tokens changed=134/576 (23.3%)
[107] survived=True, score=330/572, LPIPS=0.0229, tokens changed=220/576 (38.2%)
[108] survived=True, score=448/572, LPIPS=0.0374, tokens changed=75/576 (13.0%)
[109] survived=False, score=293/572, LPIPS=0.0648, tokens changed=235/576 (40.8%)
[110] survived=True, score=426/572, LPIPS=0.0290, tokens changed=90/576 (15.6%)
[111] survived=False, score=304/572, LPIPS=0.0135, tokens changed=268/576 (46.5%)
[112] survived=True, score=428/572, LPIPS=0.0125, tokens changed=76/576 (13.2%)
[113] survived=True, score=501/572, LPIPS=0.0134, tokens changed=38/576 (6.6%)
[114] survived=True, score=451/572, LPIPS=0.0155, tokens changed=64/576 (11.1%)
[115] survived=True, score=474/572, LPIPS=0.0311, tokens changed=57/576 (9.9%)
[116] survived=True, score=432/572, LPIPS=0.0460, tokens changed=76/576 (13.2%)
[117] survived=True, score=387/572, LPIPS=0.0129, tokens changed=105/576 (18.2%)
[118] survived=True, score=414/572, LPIPS=0.0314, tokens changed=102/576 (17.7%)
[119] survived=True, score=405/572, LPIPS=0.0409, tokens changed=116/576 (20.1%)
[120] survived=True, score=460/572, LPIPS=0.0224, tokens changed=58/576 (10.1%)
[121] survived=True, score=476/572, LPIPS=0.0145, tokens changed=53/576 (9.2%)
[122] survived=True, score=475/572, LPIPS=0.0182, tokens changed=53/576 (9.2%)
[123] survived=True, score=431/572, LPIPS=0.0402, tokens changed=90/576 (15.6%)
[124] survived=True, score=451/572, LPIPS=0.0184, tokens changed=69/576 (12.0%)
[125] survived=True, score=469/572, LPIPS=0.0123, tokens changed=61/576 (10.6%)
[126] survived=True, score=366/572, LPIPS=0.0121, tokens changed=156/576 (27.1%)
[127] survived=True, score=356/572, LPIPS=0.0298, tokens changed=164/576 (28.5%)
[128] survived=True, score=440/572, LPIPS=0.0171, tokens changed=73/576 (12.7%)
[129] survived=True, score=365/572, LPIPS=0.0289, tokens changed=151/576 (26.2%)
[130] survived=True, score=434/572, LPIPS=0.0363, tokens changed=79/576 (13.7%)
[131] survived=True, score=396/572, LPIPS=0.0207, tokens changed=111/576 (19.3%)
[132] survived=True, score=389/572, LPIPS=0.0197, tokens changed=123/576 (21.4%)
[133] survived=True, score=351/572, LPIPS=0.0219, tokens changed=172/576 (29.9%)
[134] survived=True, score=406/572, LPIPS=0.0284, tokens changed=95/576 (16.5%)
[135] survived=True, score=465/572, LPIPS=0.0172, tokens changed=60/576 (10.4%)
[136] survived=True, score=449/572, LPIPS=0.0135, tokens changed=55/576 (9.5%)
[137] survived=True, score=326/572, LPIPS=0.0292, tokens changed=253/576 (43.9%)
[138] survived=True, score=395/572, LPIPS=0.0444, tokens changed=109/576 (18.9%)
[139] survived=True, score=392/572, LPIPS=0.0230, tokens changed=125/576 (21.7%)
[140] survived=True, score=390/572, LPIPS=0.0226, tokens changed=122/576 (21.2%)
[141] survived=True, score=342/572, LPIPS=0.0325, tokens changed=198/576 (34.4%)
[142] survived=True, score=365/572, LPIPS=0.0457, tokens changed=196/576 (34.0%)
[143] survived=True, score=405/572, LPIPS=0.0132, tokens changed=96/576 (16.7%)
[144] survived=True, score=431/572, LPIPS=0.0171, tokens changed=101/576 (17.5%)
[145] survived=True, score=455/572, LPIPS=0.0259, tokens changed=60/576 (10.4%)
[146] survived=True, score=392/572, LPIPS=0.0293, tokens changed=104/576 (18.1%)
[147] survived=True, score=431/572, LPIPS=0.0098, tokens changed=80/576 (13.9%)
[148] survived=True, score=416/572, LPIPS=0.0154, tokens changed=100/576 (17.4%)
[149] survived=True, score=470/572, LPIPS=0.0074, tokens changed=58/576 (10.1%)
[150] survived=True, score=390/572, LPIPS=0.0202, tokens changed=143/576 (24.8%)
[151] survived=True, score=439/572, LPIPS=0.0080, tokens changed=67/576 (11.6%)
[152] survived=True, score=429/572, LPIPS=0.0046, tokens changed=141/576 (24.5%)
[153] survived=True, score=420/572, LPIPS=0.0168, tokens changed=85/576 (14.8%)
[154] survived=True, score=500/572, LPIPS=0.0125, tokens changed=35/576 (6.1%)
[155] survived=True, score=465/572, LPIPS=0.0147, tokens changed=48/576 (8.3%)
[156] survived=True, score=477/572, LPIPS=0.0092, tokens changed=48/576 (8.3%)
[157] survived=True, score=485/572, LPIPS=0.0070, tokens changed=44/576 (7.6%)
[158] survived=True, score=462/572, LPIPS=0.0073, tokens changed=56/576 (9.7%)
[159] survived=True, score=439/572, LPIPS=0.0256, tokens changed=74/576 (12.8%)
[160] survived=True, score=440/572, LPIPS=0.0153, tokens changed=66/576 (11.5%)
[161] survived=True, score=477/572, LPIPS=0.0249, tokens changed=44/576 (7.6%)
[162] survived=True, score=481/572, LPIPS=0.0156, tokens changed=66/576 (11.5%)
[163] survived=True, score=432/572, LPIPS=0.0294, tokens changed=84/576 (14.6%)
[164] survived=True, score=481/572, LPIPS=0.0098, tokens changed=43/576 (7.5%)
[165] survived=True, score=500/572, LPIPS=0.0085, tokens changed=40/576 (6.9%)
[166] survived=True, score=501/572, LPIPS=0.0055, tokens changed=36/576 (6.2%)
[167] survived=True, score=482/572, LPIPS=0.0107, tokens changed=40/576 (6.9%)
[168] survived=True, score=480/572, LPIPS=0.0115, tokens changed=51/576 (8.9%)
[169] survived=True, score=428/572, LPIPS=0.0232, tokens changed=95/576 (16.5%)
[170] survived=True, score=464/572, LPIPS=0.0208, tokens changed=99/576 (17.2%)
[171] survived=True, score=427/572, LPIPS=0.0206, tokens changed=94/576 (16.3%)
[172] survived=True, score=413/572, LPIPS=0.0309, tokens changed=86/576 (14.9%)
[173] survived=True, score=437/572, LPIPS=0.0232, tokens changed=75/576 (13.0%)
[174] survived=True, score=451/572, LPIPS=0.0310, tokens changed=70/576 (12.2%)
[175] survived=True, score=462/572, LPIPS=0.0145, tokens changed=75/576 (13.0%)
[176] survived=True, score=439/572, LPIPS=0.0172, tokens changed=70/576 (12.2%)
[177] survived=True, score=467/572, LPIPS=0.0116, tokens changed=48/576 (8.3%)
[178] survived=True, score=424/572, LPIPS=0.0218, tokens changed=81/576 (14.1%)
[179] survived=True, score=477/572, LPIPS=0.0282, tokens changed=68/576 (11.8%)
[180] survived=True, score=443/572, LPIPS=0.0250, tokens changed=71/576 (12.3%)
[181] survived=True, score=503/572, LPIPS=0.0091, tokens changed=36/576 (6.2%)
[182] survived=True, score=441/572, LPIPS=0.0313, tokens changed=86/576 (14.9%)
[183] survived=True, score=477/572, LPIPS=0.0190, tokens changed=58/576 (10.1%)
[184] survived=True, score=432/572, LPIPS=0.0205, tokens changed=79/576 (13.7%)
[185] survived=True, score=475/572, LPIPS=0.0128, tokens changed=49/576 (8.5%)
[186] survived=True, score=413/572, LPIPS=0.0287, tokens changed=116/576 (20.1%)
[187] survived=True, score=422/572, LPIPS=0.0245, tokens changed=108/576 (18.8%)
[188] survived=True, score=479/572, LPIPS=0.0074, tokens changed=53/576 (9.2%)
[189] survived=True, score=438/572, LPIPS=0.0205, tokens changed=65/576 (11.3%)
[190] survived=True, score=495/572, LPIPS=0.0044, tokens changed=41/576 (7.1%)
[191] survived=True, score=480/572, LPIPS=0.0267, tokens changed=45/576 (7.8%)
[192] survived=True, score=453/572, LPIPS=0.0311, tokens changed=70/576 (12.2%)
[193] survived=True, score=493/572, LPIPS=0.0112, tokens changed=46/576 (8.0%)
[194] survived=True, score=501/572, LPIPS=0.0056, tokens changed=40/576 (6.9%)
[195] survived=True, score=459/572, LPIPS=0.0114, tokens changed=67/576 (11.6%)
[196] survived=True, score=424/572, LPIPS=0.0354, tokens changed=118/576 (20.5%)
[197] survived=True, score=456/572, LPIPS=0.0293, tokens changed=62/576 (10.8%)
[198] survived=True, score=493/572, LPIPS=0.0101, tokens changed=37/576 (6.4%)
[199] survived=True, score=401/572, LPIPS=0.0550, tokens changed=100/576 (17.4%)
[200] survived=True, score=501/572, LPIPS=0.0101, tokens changed=37/576 (6.4%)
[201] survived=True, score=407/572, LPIPS=0.0565, tokens changed=128/576 (22.2%)
[202] survived=True, score=449/572, LPIPS=0.0285, tokens changed=73/576 (12.7%)
[203] survived=True, score=455/572, LPIPS=0.0159, tokens changed=66/576 (11.5%)
[204] survived=True, score=441/572, LPIPS=0.0163, tokens changed=64/576 (11.1%)
[205] survived=True, score=466/572, LPIPS=0.0144, tokens changed=56/576 (9.7%)
[206] survived=True, score=457/572, LPIPS=0.0075, tokens changed=65/576 (11.3%)
[207] survived=True, score=480/572, LPIPS=0.0106, tokens changed=49/576 (8.5%)
[208] survived=True, score=465/572, LPIPS=0.0107, tokens changed=61/576 (10.6%)
[209] survived=True, score=412/572, LPIPS=0.0309, tokens changed=79/576 (13.7%)
[210] survived=True, score=459/572, LPIPS=0.0070, tokens changed=47/576 (8.2%)
[211] survived=True, score=445/572, LPIPS=0.0219, tokens changed=74/576 (12.8%)
[212] survived=True, score=492/572, LPIPS=0.0136, tokens changed=38/576 (6.6%)
[213] survived=True, score=440/572, LPIPS=0.0264, tokens changed=72/576 (12.5%)
[214] survived=True, score=404/572, LPIPS=0.0300, tokens changed=128/576 (22.2%)
[215] survived=True, score=474/572, LPIPS=0.0120, tokens changed=49/576 (8.5%)
[216] survived=True, score=511/572, LPIPS=0.0034, tokens changed=27/576 (4.7%)
[217] survived=True, score=471/572, LPIPS=0.0141, tokens changed=50/576 (8.7%)
[218] survived=True, score=460/572, LPIPS=0.0139, tokens changed=59/576 (10.2%)
[219] survived=True, score=489/572, LPIPS=0.0112, tokens changed=40/576 (6.9%)
[220] survived=True, score=428/572, LPIPS=0.0081, tokens changed=75/576 (13.0%)
[221] survived=True, score=392/572, LPIPS=0.0107, tokens changed=170/576 (29.5%)
[222] survived=True, score=490/572, LPIPS=0.0107, tokens changed=39/576 (6.8%)
[223] survived=True, score=461/572, LPIPS=0.0211, tokens changed=61/576 (10.6%)
[224] survived=True, score=475/572, LPIPS=0.0108, tokens changed=50/576 (8.7%)
[225] survived=True, score=478/572, LPIPS=0.0203, tokens changed=51/576 (8.9%)
[226] survived=True, score=442/572, LPIPS=0.0270, tokens changed=76/576 (13.2%)
[227] survived=True, score=438/572, LPIPS=0.0246, tokens changed=86/576 (14.9%)
[228] survived=True, score=410/572, LPIPS=0.0276, tokens changed=106/576 (18.4%)
[229] survived=True, score=444/572, LPIPS=0.0219, tokens changed=65/576 (11.3%)
[230] survived=True, score=486/572, LPIPS=0.0177, tokens changed=48/576 (8.3%)
[231] survived=True, score=481/572, LPIPS=0.0123, tokens changed=39/576 (6.8%)
[232] survived=True, score=420/572, LPIPS=0.0177, tokens changed=83/576 (14.4%)
[233] survived=True, score=479/572, LPIPS=0.0093, tokens changed=59/576 (10.2%)
[234] survived=True, score=505/572, LPIPS=0.0141, tokens changed=28/576 (4.9%)
[235] survived=True, score=423/572, LPIPS=0.0317, tokens changed=114/576 (19.8%)
[236] survived=True, score=478/572, LPIPS=0.0103, tokens changed=49/576 (8.5%)
[237] survived=True, score=436/572, LPIPS=0.0098, tokens changed=59/576 (10.2%)
[238] survived=True, score=436/572, LPIPS=0.0206, tokens changed=71/576 (12.3%)
[239] survived=True, score=492/572, LPIPS=0.0134, tokens changed=40/576 (6.9%)
[240] survived=True, score=460/572, LPIPS=0.0144, tokens changed=48/576 (8.3%)
[241] survived=True, score=487/572, LPIPS=0.0051, tokens changed=46/576 (8.0%)
[242] survived=True, score=465/572, LPIPS=0.0129, tokens changed=54/576 (9.4%)
[243] survived=True, score=415/572, LPIPS=0.0246, tokens changed=81/576 (14.1%)
[244] survived=True, score=502/572, LPIPS=0.0057, tokens changed=37/576 (6.4%)
[245] survived=True, score=459/572, LPIPS=0.0198, tokens changed=51/576 (8.9%)
[246] survived=True, score=380/572, LPIPS=0.0498, tokens changed=126/576 (21.9%)
[247] survived=True, score=465/572, LPIPS=0.0233, tokens changed=54/576 (9.4%)
[248] survived=True, score=476/572, LPIPS=0.0106, tokens changed=48/576 (8.3%)
[249] survived=True, score=472/572, LPIPS=0.0152, tokens changed=49/576 (8.5%)
[250] survived=True, score=428/572, LPIPS=0.0406, tokens changed=79/576 (13.7%)
[251] survived=True, score=444/572, LPIPS=0.0176, tokens changed=76/576 (13.2%)
[252] survived=True, score=444/572, LPIPS=0.0071, tokens changed=72/576 (12.5%)
[253] survived=True, score=442/572, LPIPS=0.0187, tokens changed=72/576 (12.5%)
[254] survived=True, score=426/572, LPIPS=0.0258, tokens changed=111/576 (19.3%)
[255] survived=True, score=501/572, LPIPS=0.0136, tokens changed=35/576 (6.1%)
[256] survived=True, score=426/572, LPIPS=0.0179, tokens changed=77/576 (13.4%)
[257] survived=True, score=414/572, LPIPS=0.0357, tokens changed=115/576 (20.0%)
[258] survived=True, score=457/572, LPIPS=0.0122, tokens changed=65/576 (11.3%)
[259] survived=True, score=489/572, LPIPS=0.0166, tokens changed=41/576 (7.1%)
[260] survived=True, score=468/572, LPIPS=0.0110, tokens changed=61/576 (10.6%)
[261] survived=True, score=415/572, LPIPS=0.0463, tokens changed=95/576 (16.5%)
[262] survived=True, score=491/572, LPIPS=0.0054, tokens changed=52/576 (9.0%)
[263] survived=True, score=476/572, LPIPS=0.0153, tokens changed=52/576 (9.0%)
[264] survived=True, score=425/572, LPIPS=0.0357, tokens changed=78/576 (13.5%)
[265] survived=True, score=403/572, LPIPS=0.0242, tokens changed=97/576 (16.8%)
[266] survived=True, score=463/572, LPIPS=0.0169, tokens changed=60/576 (10.4%)
[267] survived=True, score=498/572, LPIPS=0.0309, tokens changed=39/576 (6.8%)
[268] survived=True, score=419/572, LPIPS=0.0094, tokens changed=93/576 (16.1%)
[269] survived=True, score=522/572, LPIPS=0.0125, tokens changed=27/576 (4.7%)
[270] survived=True, score=494/572, LPIPS=0.0166, tokens changed=38/576 (6.6%)
[271] survived=True, score=396/572, LPIPS=0.0532, tokens changed=111/576 (19.3%)
[272] survived=True, score=456/572, LPIPS=0.0153, tokens changed=62/576 (10.8%)
[273] survived=True, score=412/572, LPIPS=0.0561, tokens changed=111/576 (19.3%)
[274] survived=True, score=478/572, LPIPS=0.0086, tokens changed=49/576 (8.5%)
[275] survived=True, score=450/572, LPIPS=0.0228, tokens changed=60/576 (10.4%)
[276] survived=True, score=415/572, LPIPS=0.0313, tokens changed=98/576 (17.0%)
[277] survived=True, score=472/572, LPIPS=0.0169, tokens changed=63/576 (10.9%)
[278] survived=True, score=427/572, LPIPS=0.0223, tokens changed=72/576 (12.5%)
[279] survived=True, score=443/572, LPIPS=0.0144, tokens changed=65/576 (11.3%)
[280] survived=True, score=472/572, LPIPS=0.0172, tokens changed=45/576 (7.8%)
[281] survived=True, score=427/572, LPIPS=0.0339, tokens changed=98/576 (17.0%)
[282] survived=True, score=434/572, LPIPS=0.0297, tokens changed=78/576 (13.5%)
[283] survived=True, score=401/572, LPIPS=0.0350, tokens changed=92/576 (16.0%)
[284] survived=True, score=392/572, LPIPS=0.0287, tokens changed=131/576 (22.7%)
[285] survived=True, score=419/572, LPIPS=0.0231, tokens changed=93/576 (16.1%)
[286] survived=True, score=470/572, LPIPS=0.0384, tokens changed=53/576 (9.2%)
[287] survived=True, score=519/572, LPIPS=0.0074, tokens changed=22/576 (3.8%)
[288] survived=True, score=409/572, LPIPS=0.0437, tokens changed=105/576 (18.2%)
[289] survived=True, score=502/572, LPIPS=0.0150, tokens changed=39/576 (6.8%)
[290] survived=True, score=505/572, LPIPS=0.0132, tokens changed=27/576 (4.7%)
[291] survived=True, score=492/572, LPIPS=0.0115, tokens changed=39/576 (6.8%)
[292] survived=True, score=432/572, LPIPS=0.0332, tokens changed=79/576 (13.7%)
[293] survived=True, score=429/572, LPIPS=0.0262, tokens changed=77/576 (13.4%)
[294] survived=True, score=497/572, LPIPS=0.0130, tokens changed=36/576 (6.2%)
[295] survived=True, score=437/572, LPIPS=0.0313, tokens changed=74/576 (12.8%)
[296] survived=True, score=457/572, LPIPS=0.0146, tokens changed=63/576 (10.9%)
[297] survived=True, score=512/572, LPIPS=0.0115, tokens changed=25/576 (4.3%)
[298] survived=True, score=454/572, LPIPS=0.0187, tokens changed=63/576 (10.9%)
[299] survived=True, score=454/572, LPIPS=0.0247, tokens changed=58/576 (10.1%)
[300] survived=True, score=479/572, LPIPS=0.0176, tokens changed=48/576 (8.3%)
[301] survived=True, score=424/572, LPIPS=0.0122, tokens changed=75/576 (13.0%)
[302] survived=True, score=407/572, LPIPS=0.0286, tokens changed=96/576 (16.7%)
[303] survived=True, score=452/572, LPIPS=0.0147, tokens changed=72/576 (12.5%)
[304] survived=True, score=418/572, LPIPS=0.0099, tokens changed=103/576 (17.9%)
[305] survived=True, score=472/572, LPIPS=0.0172, tokens changed=45/576 (7.8%)
[306] survived=True, score=399/572, LPIPS=0.0157, tokens changed=152/576 (26.4%)
[307] survived=True, score=378/572, LPIPS=0.0218, tokens changed=134/576 (23.3%)
[308] survived=True, score=456/572, LPIPS=0.0161, tokens changed=64/576 (11.1%)
[309] survived=True, score=372/572, LPIPS=0.0208, tokens changed=151/576 (26.2%)
[310] survived=True, score=402/572, LPIPS=0.0126, tokens changed=94/576 (16.3%)
[311] survived=True, score=447/572, LPIPS=0.0142, tokens changed=71/576 (12.3%)
[312] survived=True, score=426/572, LPIPS=0.0219, tokens changed=86/576 (14.9%)
[313] survived=True, score=393/572, LPIPS=0.0199, tokens changed=113/576 (19.6%)
[314] survived=True, score=464/572, LPIPS=0.0068, tokens changed=88/576 (15.3%)
[315] survived=True, score=379/572, LPIPS=0.0175, tokens changed=114/576 (19.8%)
[316] survived=True, score=438/572, LPIPS=0.0209, tokens changed=77/576 (13.4%)
[317] survived=True, score=417/572, LPIPS=0.0162, tokens changed=100/576 (17.4%)
[318] survived=True, score=377/572, LPIPS=0.0314, tokens changed=143/576 (24.8%)
[319] survived=True, score=352/572, LPIPS=0.0383, tokens changed=177/576 (30.7%)
[320] survived=True, score=374/572, LPIPS=0.0226, tokens changed=135/576 (23.4%)
[321] survived=True, score=446/572, LPIPS=0.0162, tokens changed=60/576 (10.4%)
[322] survived=True, score=423/572, LPIPS=0.0213, tokens changed=89/576 (15.5%)
[323] survived=True, score=462/572, LPIPS=0.0156, tokens changed=58/576 (10.1%)
[324] survived=True, score=405/572, LPIPS=0.0124, tokens changed=86/576 (14.9%)
[325] survived=True, score=406/572, LPIPS=0.0240, tokens changed=100/576 (17.4%)
[326] survived=True, score=383/572, LPIPS=0.0150, tokens changed=121/576 (21.0%)
[327] survived=True, score=331/572, LPIPS=0.0600, tokens changed=172/576 (29.9%)
[328] survived=True, score=361/572, LPIPS=0.0353, tokens changed=146/576 (25.3%)
[329] survived=True, score=340/572, LPIPS=0.0597, tokens changed=170/576 (29.5%)
[330] survived=True, score=414/572, LPIPS=0.0257, tokens changed=74/576 (12.8%)
[331] survived=True, score=514/572, LPIPS=0.0100, tokens changed=28/576 (4.9%)
[332] survived=True, score=421/572, LPIPS=0.0079, tokens changed=98/576 (17.0%)
[333] survived=True, score=452/572, LPIPS=0.0080, tokens changed=55/576 (9.5%)
[334] survived=True, score=459/572, LPIPS=0.0278, tokens changed=73/576 (12.7%)
[335] survived=True, score=517/572, LPIPS=0.0036, tokens changed=25/576 (4.3%)
[336] survived=True, score=514/572, LPIPS=0.0128, tokens changed=27/576 (4.7%)
[337] survived=True, score=486/572, LPIPS=0.0154, tokens changed=38/576 (6.6%)
[338] survived=True, score=415/572, LPIPS=0.0187, tokens changed=80/576 (13.9%)
[339] survived=True, score=459/572, LPIPS=0.0147, tokens changed=60/576 (10.4%)
[340] survived=True, score=439/572, LPIPS=0.0284, tokens changed=76/576 (13.2%)
[341] survived=True, score=449/572, LPIPS=0.0236, tokens changed=65/576 (11.3%)
[342] survived=True, score=396/572, LPIPS=0.0549, tokens changed=124/576 (21.5%)
[343] survived=True, score=475/572, LPIPS=0.0276, tokens changed=44/576 (7.6%)
[344] survived=True, score=433/572, LPIPS=0.0393, tokens changed=78/576 (13.5%)
[345] survived=True, score=437/572, LPIPS=0.0243, tokens changed=78/576 (13.5%)
[346] survived=True, score=418/572, LPIPS=0.0255, tokens changed=83/576 (14.4%)
[347] survived=True, score=441/572, LPIPS=0.0202, tokens changed=74/576 (12.8%)
[348] survived=True, score=479/572, LPIPS=0.0279, tokens changed=47/576 (8.2%)
[349] survived=True, score=385/572, LPIPS=0.0545, tokens changed=121/576 (21.0%)
[350] survived=True, score=457/572, LPIPS=0.0302, tokens changed=61/576 (10.6%)
[351] survived=True, score=459/572, LPIPS=0.0118, tokens changed=53/576 (9.2%)
[352] survived=True, score=387/572, LPIPS=0.0381, tokens changed=90/576 (15.6%)
[353] survived=True, score=443/572, LPIPS=0.0124, tokens changed=67/576 (11.6%)
[354] survived=True, score=378/572, LPIPS=0.0396, tokens changed=132/576 (22.9%)
[355] survived=True, score=467/572, LPIPS=0.0226, tokens changed=55/576 (9.5%)
[356] survived=True, score=434/572, LPIPS=0.0325, tokens changed=73/576 (12.7%)
[357] survived=True, score=386/572, LPIPS=0.0277, tokens changed=140/576 (24.3%)
[358] survived=True, score=458/572, LPIPS=0.0077, tokens changed=48/576 (8.3%)
[359] survived=True, score=463/572, LPIPS=0.0174, tokens changed=60/576 (10.4%)
[360] survived=True, score=346/572, LPIPS=0.0324, tokens changed=190/576 (33.0%)
[361] survived=True, score=376/572, LPIPS=0.0506, tokens changed=125/576 (21.7%)
[362] survived=True, score=503/572, LPIPS=0.0113, tokens changed=43/576 (7.5%)
[363] survived=True, score=391/572, LPIPS=0.0580, tokens changed=145/576 (25.2%)
[364] survived=True, score=483/572, LPIPS=0.0183, tokens changed=44/576 (7.6%)
[365] survived=True, score=492/572, LPIPS=0.0201, tokens changed=33/576 (5.7%)
[366] survived=True, score=432/572, LPIPS=0.0377, tokens changed=75/576 (13.0%)
[367] survived=True, score=511/572, LPIPS=0.0086, tokens changed=24/576 (4.2%)
[368] survived=True, score=492/572, LPIPS=0.0083, tokens changed=40/576 (6.9%)
[369] survived=True, score=505/572, LPIPS=0.0187, tokens changed=34/576 (5.9%)
[370] survived=True, score=465/572, LPIPS=0.0139, tokens changed=53/576 (9.2%)
[371] survived=True, score=477/572, LPIPS=0.0130, tokens changed=49/576 (8.5%)
[372] survived=True, score=464/572, LPIPS=0.0340, tokens changed=51/576 (8.9%)
[373] survived=True, score=464/572, LPIPS=0.0226, tokens changed=44/576 (7.6%)
[374] survived=True, score=522/572, LPIPS=0.0073, tokens changed=24/576 (4.2%)
[375] survived=True, score=480/572, LPIPS=0.0171, tokens changed=54/576 (9.4%)
[376] survived=True, score=472/572, LPIPS=0.0137, tokens changed=48/576 (8.3%)
[377] survived=True, score=471/572, LPIPS=0.0152, tokens changed=43/576 (7.5%)
[378] survived=True, score=494/572, LPIPS=0.0093, tokens changed=44/576 (7.6%)
[379] survived=True, score=436/572, LPIPS=0.0203, tokens changed=76/576 (13.2%)
[380] survived=True, score=466/572, LPIPS=0.0160, tokens changed=52/576 (9.0%)
[381] survived=True, score=461/572, LPIPS=0.0183, tokens changed=51/576 (8.9%)
[382] survived=True, score=499/572, LPIPS=0.0120, tokens changed=36/576 (6.2%)
[383] survived=True, score=457/572, LPIPS=0.0232, tokens changed=55/576 (9.5%)
[384] survived=True, score=502/572, LPIPS=0.0087, tokens changed=48/576 (8.3%)
[385] survived=True, score=408/572, LPIPS=0.0408, tokens changed=88/576 (15.3%)
[386] survived=True, score=446/572, LPIPS=0.0300, tokens changed=59/576 (10.2%)
[387] survived=True, score=477/572, LPIPS=0.0195, tokens changed=40/576 (6.9%)
[388] survived=True, score=461/572, LPIPS=0.0198, tokens changed=68/576 (11.8%)
[389] survived=True, score=434/572, LPIPS=0.0154, tokens changed=81/576 (14.1%)
[390] survived=True, score=464/572, LPIPS=0.0351, tokens changed=61/576 (10.6%)
[391] survived=True, score=472/572, LPIPS=0.0200, tokens changed=55/576 (9.5%)
[392] survived=True, score=373/572, LPIPS=0.0211, tokens changed=116/576 (20.1%)
[393] survived=True, score=455/572, LPIPS=0.0284, tokens changed=65/576 (11.3%)
[394] survived=True, score=435/572, LPIPS=0.0216, tokens changed=73/576 (12.7%)
[395] survived=True, score=466/572, LPIPS=0.0130, tokens changed=53/576 (9.2%)
[396] survived=True, score=468/572, LPIPS=0.0187, tokens changed=52/576 (9.0%)
[397] survived=True, score=441/572, LPIPS=0.0198, tokens changed=61/576 (10.6%)
[398] survived=True, score=371/572, LPIPS=0.0429, tokens changed=139/576 (24.1%)
[399] survived=False, score=313/572, LPIPS=0.0314, tokens changed=248/576 (43.1%)
[400] survived=True, score=378/572, LPIPS=0.0191, tokens changed=124/576 (21.5%)
[401] survived=True, score=326/572, LPIPS=0.0357, tokens changed=241/576 (41.8%)
[402] survived=True, score=414/572, LPIPS=0.0246, tokens changed=95/576 (16.5%)
[403] survived=True, score=395/572, LPIPS=0.0329, tokens changed=140/576 (24.3%)
[404] survived=True, score=356/572, LPIPS=0.0210, tokens changed=156/576 (27.1%)
[405] survived=True, score=377/572, LPIPS=0.0346, tokens changed=149/576 (25.9%)
[406] survived=True, score=387/572, LPIPS=0.0405, tokens changed=148/576 (25.7%)
[407] survived=True, score=346/572, LPIPS=0.0446, tokens changed=193/576 (33.5%)
[408] survived=True, score=347/572, LPIPS=0.0379, tokens changed=189/576 (32.8%)
[409] survived=True, score=361/572, LPIPS=0.0155, tokens changed=163/576 (28.3%)
[410] survived=True, score=422/572, LPIPS=0.0242, tokens changed=72/576 (12.5%)
[411] survived=False, score=290/572, LPIPS=0.1077, tokens changed=349/576 (60.6%)
[412] survived=True, score=329/572, LPIPS=0.0458, tokens changed=243/576 (42.2%)
[413] survived=True, score=342/572, LPIPS=0.0207, tokens changed=208/576 (36.1%)
[414] survived=False, score=304/572, LPIPS=0.0615, tokens changed=256/576 (44.4%)
[415] survived=True, score=383/572, LPIPS=0.0330, tokens changed=176/576 (30.6%)
[416] survived=True, score=395/572, LPIPS=0.0147, tokens changed=89/576 (15.5%)
[417] survived=True, score=346/572, LPIPS=0.0385, tokens changed=230/576 (39.9%)
[418] survived=True, score=324/572, LPIPS=0.0195, tokens changed=179/576 (31.1%)
[419] survived=True, score=381/572, LPIPS=0.0224, tokens changed=152/576 (26.4%)
[420] survived=True, score=401/572, LPIPS=0.0385, tokens changed=112/576 (19.4%)
[421] survived=False, score=309/572, LPIPS=0.0212, tokens changed=222/576 (38.5%)
[422] survived=True, score=374/572, LPIPS=0.0248, tokens changed=120/576 (20.8%)
[423] survived=True, score=327/572, LPIPS=0.0162, tokens changed=290/576 (50.3%)
[424] survived=True, score=323/572, LPIPS=0.0410, tokens changed=202/576 (35.1%)
[425] survived=False, score=322/572, LPIPS=0.0403, tokens changed=225/576 (39.1%)
[426] survived=True, score=338/572, LPIPS=0.0123, tokens changed=221/576 (38.4%)
[427] survived=True, score=415/572, LPIPS=0.0266, tokens changed=98/576 (17.0%)
[428] survived=True, score=437/572, LPIPS=0.0476, tokens changed=69/576 (12.0%)
[429] survived=True, score=344/572, LPIPS=0.0297, tokens changed=185/576 (32.1%)
[430] survived=True, score=411/572, LPIPS=0.0258, tokens changed=105/576 (18.2%)
[431] survived=True, score=348/572, LPIPS=0.0341, tokens changed=211/576 (36.6%)
[432] survived=True, score=398/572, LPIPS=0.0297, tokens changed=107/576 (18.6%)
[433] survived=True, score=384/572, LPIPS=0.0178, tokens changed=133/576 (23.1%)
[434] survived=True, score=488/572, LPIPS=0.0166, tokens changed=52/576 (9.0%)
[435] survived=True, score=408/572, LPIPS=0.0267, tokens changed=125/576 (21.7%)
[436] survived=True, score=329/572, LPIPS=0.0368, tokens changed=189/576 (32.8%)
[437] survived=True, score=357/572, LPIPS=0.0166, tokens changed=152/576 (26.4%)
[438] survived=True, score=421/572, LPIPS=0.0174, tokens changed=78/576 (13.5%)
[439] survived=True, score=393/572, LPIPS=0.0186, tokens changed=118/576 (20.5%)
[440] survived=True, score=410/572, LPIPS=0.0241, tokens changed=99/576 (17.2%)
[441] survived=True, score=386/572, LPIPS=0.0153, tokens changed=110/576 (19.1%)
[442] survived=True, score=325/572, LPIPS=0.0338, tokens changed=215/576 (37.3%)
[443] survived=True, score=361/572, LPIPS=0.0277, tokens changed=149/576 (25.9%)
[444] survived=True, score=429/572, LPIPS=0.0219, tokens changed=82/576 (14.2%)
[445] survived=True, score=391/572, LPIPS=0.0247, tokens changed=120/576 (20.8%)
[446] survived=True, score=355/572, LPIPS=0.0128, tokens changed=158/576 (27.4%)
[447] survived=False, score=311/572, LPIPS=0.0204, tokens changed=295/576 (51.2%)
[448] survived=True, score=422/572, LPIPS=0.0251, tokens changed=88/576 (15.3%)
[449] survived=True, score=371/572, LPIPS=0.0270, tokens changed=163/576 (28.3%)
[450] survived=True, score=411/572, LPIPS=0.0243, tokens changed=96/576 (16.7%)
[451] survived=True, score=454/572, LPIPS=0.0159, tokens changed=66/576 (11.5%)
[452] survived=False, score=320/572, LPIPS=0.0355, tokens changed=248/576 (43.1%)
[453] survived=True, score=339/572, LPIPS=0.0225, tokens changed=168/576 (29.2%)
[454] survived=False, score=303/572, LPIPS=0.0796, tokens changed=237/576 (41.1%)
[455] survived=True, score=365/572, LPIPS=0.0127, tokens changed=158/576 (27.4%)
[456] survived=False, score=322/572, LPIPS=0.0329, tokens changed=265/576 (46.0%)
[457] survived=True, score=443/572, LPIPS=0.0217, tokens changed=94/576 (16.3%)
[458] survived=True, score=328/572, LPIPS=0.0969, tokens changed=270/576 (46.9%)
[459] survived=True, score=462/572, LPIPS=0.0104, tokens changed=62/576 (10.8%)
[460] survived=True, score=391/572, LPIPS=0.0251, tokens changed=120/576 (20.8%)
[461] survived=True, score=385/572, LPIPS=0.0140, tokens changed=153/576 (26.6%)
[462] survived=False, score=286/572, LPIPS=0.0263, tokens changed=281/576 (48.8%)
[463] survived=False, score=321/572, LPIPS=0.0172, tokens changed=232/576 (40.3%)
[464] survived=True, score=411/572, LPIPS=0.0211, tokens changed=133/576 (23.1%)
[465] survived=True, score=374/572, LPIPS=0.0102, tokens changed=168/576 (29.2%)
[466] survived=True, score=354/572, LPIPS=0.0339, tokens changed=137/576 (23.8%)
[467] survived=True, score=418/572, LPIPS=0.0195, tokens changed=77/576 (13.4%)
[468] survived=True, score=355/572, LPIPS=0.0314, tokens changed=123/576 (21.4%)
[469] survived=True, score=370/572, LPIPS=0.0221, tokens changed=121/576 (21.0%)
[470] survived=True, score=355/572, LPIPS=0.0150, tokens changed=214/576 (37.2%)
[471] survived=True, score=414/572, LPIPS=0.0275, tokens changed=91/576 (15.8%)
[472] survived=True, score=410/572, LPIPS=0.0307, tokens changed=105/576 (18.2%)
[473] survived=True, score=362/572, LPIPS=0.0069, tokens changed=187/576 (32.5%)
[474] survived=True, score=341/572, LPIPS=0.0331, tokens changed=167/576 (29.0%)
[475] survived=True, score=369/572, LPIPS=0.0223, tokens changed=151/576 (26.2%)
[476] survived=True, score=376/572, LPIPS=0.0508, tokens changed=135/576 (23.4%)
[477] survived=True, score=338/572, LPIPS=0.0158, tokens changed=191/576 (33.2%)
[478] survived=True, score=355/572, LPIPS=0.0470, tokens changed=154/576 (26.7%)
[479] survived=True, score=399/572, LPIPS=0.0347, tokens changed=123/576 (21.4%)
[480] survived=True, score=326/572, LPIPS=0.0325, tokens changed=204/576 (35.4%)
[481] survived=True, score=377/572, LPIPS=0.0070, tokens changed=182/576 (31.6%)
[482] survived=True, score=343/572, LPIPS=0.0127, tokens changed=173/576 (30.0%)
[483] survived=True, score=454/572, LPIPS=0.0279, tokens changed=67/576 (11.6%)
[484] survived=True, score=394/572, LPIPS=0.0320, tokens changed=127/576 (22.0%)
[485] survived=True, score=344/572, LPIPS=0.0201, tokens changed=212/576 (36.8%)
[486] survived=True, score=336/572, LPIPS=0.0315, tokens changed=163/576 (28.3%)
[487] survived=False, score=316/572, LPIPS=0.0348, tokens changed=246/576 (42.7%)
[488] survived=True, score=366/572, LPIPS=0.0074, tokens changed=115/576 (20.0%)
[489] survived=False, score=311/572, LPIPS=0.1126, tokens changed=312/576 (54.2%)
[490] survived=False, score=294/572, LPIPS=0.0471, tokens changed=339/576 (58.9%)
[491] survived=True, score=407/572, LPIPS=0.0064, tokens changed=186/576 (32.3%)
[492] survived=True, score=363/572, LPIPS=0.0264, tokens changed=122/576 (21.2%)
[493] survived=False, score=322/572, LPIPS=0.0147, tokens changed=181/576 (31.4%)
[494] survived=True, score=355/572, LPIPS=0.0135, tokens changed=181/576 (31.4%)
[495] survived=True, score=337/572, LPIPS=0.0308, tokens changed=165/576 (28.6%)
[496] survived=True, score=374/572, LPIPS=0.0285, tokens changed=115/576 (20.0%)
[497] survived=True, score=420/572, LPIPS=0.0350, tokens changed=103/576 (17.9%)
[498] survived=True, score=343/572, LPIPS=0.0355, tokens changed=197/576 (34.2%)
[499] survived=False, score=319/572, LPIPS=0.0112, tokens changed=269/576 (46.7%)
[500] survived=True, score=451/572, LPIPS=0.0449, tokens changed=57/576 (9.9%)
[501] survived=True, score=325/572, LPIPS=0.0140, tokens changed=207/576 (35.9%)
[502] survived=True, score=373/572, LPIPS=0.0140, tokens changed=180/576 (31.2%)
[503] survived=False, score=313/572, LPIPS=0.0135, tokens changed=258/576 (44.8%)
[504] survived=True, score=365/572, LPIPS=0.0239, tokens changed=133/576 (23.1%)
[505] survived=True, score=352/572, LPIPS=0.0140, tokens changed=142/576 (24.7%)
[506] survived=True, score=330/572, LPIPS=0.0250, tokens changed=225/576 (39.1%)
[507] survived=True, score=331/572, LPIPS=0.0262, tokens changed=207/576 (35.9%)
[508] survived=True, score=407/572, LPIPS=0.0179, tokens changed=100/576 (17.4%)
[509] survived=True, score=363/572, LPIPS=0.0683, tokens changed=162/576 (28.1%)
[510] survived=True, score=358/572, LPIPS=0.0345, tokens changed=138/576 (24.0%)
[511] survived=True, score=419/572, LPIPS=0.0345, tokens changed=88/576 (15.3%)
[512] survived=False, score=307/572, LPIPS=0.0376, tokens changed=267/576 (46.4%)
[513] survived=True, score=327/572, LPIPS=0.0223, tokens changed=311/576 (54.0%)
[514] survived=True, score=454/572, LPIPS=0.0215, tokens changed=64/576 (11.1%)
[515] survived=True, score=453/572, LPIPS=0.0181, tokens changed=60/576 (10.4%)
[516] survived=True, score=332/572, LPIPS=0.0286, tokens changed=252/576 (43.8%)
[517] survived=True, score=354/572, LPIPS=0.0390, tokens changed=181/576 (31.4%)
[518] survived=False, score=304/572, LPIPS=0.0307, tokens changed=197/576 (34.2%)
[519] survived=False, score=297/572, LPIPS=0.0403, tokens changed=247/576 (42.9%)
[520] survived=True, score=417/572, LPIPS=0.0430, tokens changed=104/576 (18.1%)
[521] survived=True, score=380/572, LPIPS=0.0257, tokens changed=121/576 (21.0%)
[522] survived=True, score=416/572, LPIPS=0.0126, tokens changed=86/576 (14.9%)
[523] survived=True, score=383/572, LPIPS=0.0356, tokens changed=155/576 (26.9%)
[524] survived=True, score=379/572, LPIPS=0.0279, tokens changed=162/576 (28.1%)
[525] survived=True, score=406/572, LPIPS=0.0243, tokens changed=107/576 (18.6%)
[526] survived=True, score=390/572, LPIPS=0.0217, tokens changed=126/576 (21.9%)
[527] survived=False, score=317/572, LPIPS=0.0229, tokens changed=257/576 (44.6%)
[528] survived=True, score=412/572, LPIPS=0.0288, tokens changed=121/576 (21.0%)
[529] survived=True, score=407/572, LPIPS=0.0166, tokens changed=96/576 (16.7%)
[530] survived=True, score=365/572, LPIPS=0.0230, tokens changed=173/576 (30.0%)
[531] survived=True, score=346/572, LPIPS=0.0337, tokens changed=219/576 (38.0%)
[532] survived=True, score=416/572, LPIPS=0.0278, tokens changed=137/576 (23.8%)
[533] survived=True, score=355/572, LPIPS=0.0576, tokens changed=124/576 (21.5%)
[534] survived=True, score=341/572, LPIPS=0.0357, tokens changed=181/576 (31.4%)
[535] survived=True, score=364/572, LPIPS=0.0319, tokens changed=149/576 (25.9%)
[536] survived=True, score=376/572, LPIPS=0.0375, tokens changed=146/576 (25.3%)
[537] survived=True, score=368/572, LPIPS=0.0329, tokens changed=168/576 (29.2%)
[538] survived=False, score=315/572, LPIPS=0.0521, tokens changed=273/576 (47.4%)
[539] survived=True, score=382/572, LPIPS=0.0336, tokens changed=128/576 (22.2%)
[540] survived=True, score=370/572, LPIPS=0.0207, tokens changed=142/576 (24.7%)
[541] survived=True, score=417/572, LPIPS=0.0232, tokens changed=98/576 (17.0%)
[542] survived=True, score=402/572, LPIPS=0.0308, tokens changed=102/576 (17.7%)
[543] survived=True, score=340/572, LPIPS=0.0264, tokens changed=203/576 (35.2%)
[544] survived=True, score=405/572, LPIPS=0.0336, tokens changed=90/576 (15.6%)
[545] survived=False, score=309/572, LPIPS=0.0381, tokens changed=208/576 (36.1%)
[546] survived=True, score=395/572, LPIPS=0.0289, tokens changed=121/576 (21.0%)
[547] survived=True, score=335/572, LPIPS=0.0481, tokens changed=167/576 (29.0%)
[548] survived=True, score=340/572, LPIPS=0.0394, tokens changed=183/576 (31.8%)
[549] survived=True, score=337/572, LPIPS=0.0385, tokens changed=176/576 (30.6%)
[550] survived=True, score=362/572, LPIPS=0.0092, tokens changed=261/576 (45.3%)
[551] survived=True, score=368/572, LPIPS=0.0075, tokens changed=147/576 (25.5%)
[552] survived=True, score=440/572, LPIPS=0.0194, tokens changed=85/576 (14.8%)
[553] survived=False, score=317/572, LPIPS=0.0163, tokens changed=240/576 (41.7%)
[554] survived=True, score=360/572, LPIPS=0.0486, tokens changed=135/576 (23.4%)
[555] survived=True, score=384/572, LPIPS=0.0365, tokens changed=105/576 (18.2%)
[556] survived=False, score=307/572, LPIPS=0.0439, tokens changed=267/576 (46.4%)
[557] survived=False, score=296/572, LPIPS=0.0125, tokens changed=258/576 (44.8%)
[558] survived=True, score=416/572, LPIPS=0.0316, tokens changed=108/576 (18.8%)
[559] survived=True, score=328/572, LPIPS=0.0251, tokens changed=241/576 (41.8%)
[560] survived=True, score=473/572, LPIPS=0.0182, tokens changed=54/576 (9.4%)
[561] survived=True, score=356/572, LPIPS=0.0406, tokens changed=148/576 (25.7%)
[562] survived=True, score=353/572, LPIPS=0.0292, tokens changed=155/576 (26.9%)
[563] survived=True, score=354/572, LPIPS=0.0229, tokens changed=174/576 (30.2%)
[564] survived=True, score=391/572, LPIPS=0.0160, tokens changed=105/576 (18.2%)
[565] survived=True, score=360/572, LPIPS=0.0505, tokens changed=180/576 (31.2%)
[566] survived=True, score=404/572, LPIPS=0.0343, tokens changed=102/576 (17.7%)
[567] survived=True, score=347/572, LPIPS=0.0059, tokens changed=219/576 (38.0%)
[568] survived=True, score=359/572, LPIPS=0.0230, tokens changed=149/576 (25.9%)
[569] survived=True, score=407/572, LPIPS=0.0315, tokens changed=105/576 (18.2%)
[570] survived=True, score=337/572, LPIPS=0.0199, tokens changed=201/576 (34.9%)
[571] survived=True, score=366/572, LPIPS=0.0315, tokens changed=203/576 (35.2%)
[572] survived=True, score=389/572, LPIPS=0.0142, tokens changed=134/576 (23.3%)
[573] survived=True, score=467/572, LPIPS=0.0247, tokens changed=66/576 (11.5%)
[574] survived=True, score=388/572, LPIPS=0.0100, tokens changed=113/576 (19.6%)
[575] survived=True, score=426/572, LPIPS=0.0337, tokens changed=96/576 (16.7%)
[576] survived=True, score=401/572, LPIPS=0.0432, tokens changed=119/576 (20.7%)
[577] survived=True, score=348/572, LPIPS=0.0136, tokens changed=236/576 (41.0%)
[578] survived=False, score=312/572, LPIPS=0.0199, tokens changed=204/576 (35.4%)
[579] survived=True, score=356/572, LPIPS=0.0471, tokens changed=137/576 (23.8%)
[580] survived=True, score=364/572, LPIPS=0.0442, tokens changed=166/576 (28.8%)
[581] survived=True, score=391/572, LPIPS=0.0446, tokens changed=186/576 (32.3%)
[582] survived=True, score=392/572, LPIPS=0.0532, tokens changed=123/576 (21.4%)
[583] survived=True, score=373/572, LPIPS=0.0294, tokens changed=166/576 (28.8%)
[584] survived=True, score=462/572, LPIPS=0.0164, tokens changed=85/576 (14.8%)
[585] survived=False, score=313/572, LPIPS=0.0271, tokens changed=293/576 (50.9%)
[586] survived=True, score=409/572, LPIPS=0.0414, tokens changed=146/576 (25.3%)
[587] survived=False, score=317/572, LPIPS=0.0232, tokens changed=240/576 (41.7%)
[588] survived=True, score=446/572, LPIPS=0.0279, tokens changed=102/576 (17.7%)
[589] survived=False, score=308/572, LPIPS=0.0344, tokens changed=277/576 (48.1%)
[590] survived=True, score=382/572, LPIPS=0.0189, tokens changed=154/576 (26.7%)
[591] survived=True, score=355/572, LPIPS=0.0305, tokens changed=143/576 (24.8%)
[592] survived=False, score=307/572, LPIPS=0.0398, tokens changed=202/576 (35.1%)
[593] survived=True, score=332/572, LPIPS=0.0370, tokens changed=199/576 (34.5%)
[594] survived=True, score=382/572, LPIPS=0.0281, tokens changed=135/576 (23.4%)
[595] survived=True, score=425/572, LPIPS=0.0269, tokens changed=111/576 (19.3%)
[596] survived=True, score=384/572, LPIPS=0.0052, tokens changed=117/576 (20.3%)
[597] survived=True, score=352/572, LPIPS=0.0374, tokens changed=207/576 (35.9%)
[598] survived=True, score=405/572, LPIPS=0.0261, tokens changed=121/576 (21.0%)
[599] survived=True, score=419/572, LPIPS=0.0282, tokens changed=125/576 (21.7%)
[600] survived=True, score=338/572, LPIPS=0.0123, tokens changed=282/576 (49.0%)
[601] survived=True, score=364/572, LPIPS=0.0155, tokens changed=226/576 (39.2%)
[602] survived=True, score=499/572, LPIPS=0.0091, tokens changed=34/576 (5.9%)
[603] survived=True, score=403/572, LPIPS=0.0306, tokens changed=121/576 (21.0%)
[604] survived=False, score=316/572, LPIPS=0.0278, tokens changed=297/576 (51.6%)
[605] survived=True, score=362/572, LPIPS=0.0148, tokens changed=138/576 (24.0%)
[606] survived=True, score=355/572, LPIPS=0.0208, tokens changed=225/576 (39.1%)
[607] survived=True, score=353/572, LPIPS=0.0128, tokens changed=199/576 (34.5%)
[608] survived=True, score=383/572, LPIPS=0.0241, tokens changed=136/576 (23.6%)
[609] survived=True, score=360/572, LPIPS=0.0352, tokens changed=148/576 (25.7%)
[610] survived=True, score=345/572, LPIPS=0.0330, tokens changed=240/576 (41.7%)
[611] survived=True, score=358/572, LPIPS=0.0679, tokens changed=148/576 (25.7%)
[612] survived=True, score=460/572, LPIPS=0.0216, tokens changed=70/576 (12.2%)
[613] survived=True, score=325/572, LPIPS=0.0202, tokens changed=229/576 (39.8%)
[614] survived=True, score=422/572, LPIPS=0.0478, tokens changed=92/576 (16.0%)
[615] survived=True, score=325/572, LPIPS=0.0115, tokens changed=217/576 (37.7%)
[616] survived=True, score=380/572, LPIPS=0.0086, tokens changed=134/576 (23.3%)
[617] survived=True, score=338/572, LPIPS=0.0174, tokens changed=230/576 (39.9%)
[618] survived=True, score=340/572, LPIPS=0.0097, tokens changed=183/576 (31.8%)
[619] survived=False, score=321/572, LPIPS=0.0252, tokens changed=261/576 (45.3%)
[620] survived=False, score=318/572, LPIPS=0.0457, tokens changed=230/576 (39.9%)
[621] survived=True, score=396/572, LPIPS=0.0350, tokens changed=92/576 (16.0%)
[622] survived=True, score=363/572, LPIPS=0.0148, tokens changed=139/576 (24.1%)
[623] survived=True, score=324/572, LPIPS=0.0045, tokens changed=179/576 (31.1%)
[624] survived=True, score=325/572, LPIPS=0.0523, tokens changed=225/576 (39.1%)
[625] survived=True, score=370/572, LPIPS=0.0468, tokens changed=159/576 (27.6%)
[626] survived=False, score=300/572, LPIPS=0.0238, tokens changed=287/576 (49.8%)
[627] survived=True, score=363/572, LPIPS=0.0290, tokens changed=137/576 (23.8%)
[628] survived=True, score=344/572, LPIPS=0.0419, tokens changed=177/576 (30.7%)
[629] survived=True, score=369/572, LPIPS=0.0135, tokens changed=129/576 (22.4%)
[630] survived=True, score=342/572, LPIPS=0.0393, tokens changed=184/576 (31.9%)
[631] survived=True, score=351/572, LPIPS=0.0114, tokens changed=225/576 (39.1%)
[632] survived=True, score=326/572, LPIPS=0.0270, tokens changed=242/576 (42.0%)
[633] survived=True, score=357/572, LPIPS=0.0207, tokens changed=250/576 (43.4%)
[634] survived=True, score=405/572, LPIPS=0.0332, tokens changed=109/576 (18.9%)
[635] survived=True, score=349/572, LPIPS=0.0198, tokens changed=185/576 (32.1%)
[636] survived=True, score=352/572, LPIPS=0.0407, tokens changed=203/576 (35.2%)
[637] survived=True, score=371/572, LPIPS=0.0376, tokens changed=134/576 (23.3%)
[638] survived=True, score=423/572, LPIPS=0.0172, tokens changed=75/576 (13.0%)
[639] survived=True, score=334/572, LPIPS=0.0218, tokens changed=268/576 (46.5%)
[640] survived=False, score=303/572, LPIPS=0.1458, tokens changed=311/576 (54.0%)
[641] survived=False, score=291/572, LPIPS=0.0153, tokens changed=227/576 (39.4%)
[642] survived=True, score=385/572, LPIPS=0.0358, tokens changed=138/576 (24.0%)
[643] survived=True, score=373/572, LPIPS=0.0148, tokens changed=202/576 (35.1%)
[644] survived=False, score=283/572, LPIPS=0.0246, tokens changed=341/576 (59.2%)
[645] survived=True, score=416/572, LPIPS=0.0629, tokens changed=102/576 (17.7%)
[646] survived=True, score=433/572, LPIPS=0.0458, tokens changed=90/576 (15.6%)
[647] survived=True, score=365/572, LPIPS=0.0223, tokens changed=221/576 (38.4%)
[648] survived=True, score=358/572, LPIPS=0.0182, tokens changed=118/576 (20.5%)
[649] survived=True, score=378/572, LPIPS=0.0314, tokens changed=145/576 (25.2%)
[650] survived=True, score=384/572, LPIPS=0.0192, tokens changed=131/576 (22.7%)
[651] survived=True, score=367/572, LPIPS=0.0341, tokens changed=133/576 (23.1%)
[652] survived=True, score=388/572, LPIPS=0.0309, tokens changed=101/576 (17.5%)
[653] survived=True, score=412/572, LPIPS=0.0085, tokens changed=94/576 (16.3%)
[654] survived=True, score=342/572, LPIPS=0.0325, tokens changed=170/576 (29.5%)
[655] survived=False, score=322/572, LPIPS=0.0278, tokens changed=230/576 (39.9%)
[656] survived=True, score=338/572, LPIPS=0.0278, tokens changed=191/576 (33.2%)
[657] survived=True, score=334/572, LPIPS=0.0297, tokens changed=156/576 (27.1%)
[658] survived=True, score=369/572, LPIPS=0.0558, tokens changed=153/576 (26.6%)
[659] survived=True, score=398/572, LPIPS=0.0165, tokens changed=126/576 (21.9%)
[660] survived=True, score=393/572, LPIPS=0.0255, tokens changed=143/576 (24.8%)
[661] survived=True, score=414/572, LPIPS=0.0349, tokens changed=91/576 (15.8%)
[662] survived=True, score=344/572, LPIPS=0.0114, tokens changed=223/576 (38.7%)
[663] survived=True, score=377/572, LPIPS=0.0370, tokens changed=179/576 (31.1%)
[664] survived=True, score=410/572, LPIPS=0.0279, tokens changed=138/576 (24.0%)
[665] survived=True, score=454/572, LPIPS=0.0241, tokens changed=61/576 (10.6%)
[666] survived=True, score=348/572, LPIPS=0.0118, tokens changed=155/576 (26.9%)
[667] survived=True, score=389/572, LPIPS=0.0150, tokens changed=138/576 (24.0%)
[668] survived=True, score=369/572, LPIPS=0.0467, tokens changed=138/576 (24.0%)
[669] survived=True, score=350/572, LPIPS=0.0341, tokens changed=148/576 (25.7%)
[670] survived=True, score=361/572, LPIPS=0.0415, tokens changed=128/576 (22.2%)
[671] survived=True, score=399/572, LPIPS=0.0455, tokens changed=106/576 (18.4%)
[672] survived=True, score=395/572, LPIPS=0.0372, tokens changed=122/576 (21.2%)
[673] survived=True, score=370/572, LPIPS=0.0131, tokens changed=160/576 (27.8%)
[674] survived=False, score=320/572, LPIPS=0.0247, tokens changed=248/576 (43.1%)
[675] survived=True, score=355/572, LPIPS=0.0141, tokens changed=152/576 (26.4%)
[676] survived=False, score=317/572, LPIPS=0.0334, tokens changed=263/576 (45.7%)
[677] survived=False, score=286/572, LPIPS=0.1024, tokens changed=450/576 (78.1%)
[678] survived=True, score=488/572, LPIPS=0.0073, tokens changed=42/576 (7.3%)
[679] survived=False, score=287/572, LPIPS=0.0434, tokens changed=306/576 (53.1%)
[680] survived=False, score=307/572, LPIPS=0.0171, tokens changed=306/576 (53.1%)
[681] survived=False, score=316/572, LPIPS=0.0376, tokens changed=199/576 (34.5%)
[682] survived=False, score=320/572, LPIPS=0.0184, tokens changed=214/576 (37.2%)
[683] survived=True, score=455/572, LPIPS=0.0055, tokens changed=67/576 (11.6%)
[684] survived=False, score=309/572, LPIPS=0.0057, tokens changed=293/576 (50.9%)
[685] survived=True, score=328/572, LPIPS=0.0304, tokens changed=214/576 (37.2%)
[686] survived=False, score=289/572, LPIPS=0.0333, tokens changed=332/576 (57.6%)
[687] survived=False, score=317/572, LPIPS=0.0456, tokens changed=180/576 (31.2%)
[688] survived=True, score=332/572, LPIPS=0.0530, tokens changed=195/576 (33.9%)
[689] survived=True, score=374/572, LPIPS=0.0182, tokens changed=142/576 (24.7%)
[690] survived=True, score=454/572, LPIPS=0.0308, tokens changed=50/576 (8.7%)
[691] survived=True, score=339/572, LPIPS=0.0205, tokens changed=226/576 (39.2%)
[692] survived=True, score=392/572, LPIPS=0.0369, tokens changed=115/576 (20.0%)
[693] survived=True, score=433/572, LPIPS=0.0279, tokens changed=88/576 (15.3%)
[694] survived=True, score=386/572, LPIPS=0.0415, tokens changed=130/576 (22.6%)
[695] survived=True, score=356/572, LPIPS=0.0461, tokens changed=158/576 (27.4%)
[696] survived=True, score=338/572, LPIPS=0.0269, tokens changed=164/576 (28.5%)
[697] survived=True, score=324/572, LPIPS=0.0275, tokens changed=209/576 (36.3%)
[698] survived=True, score=346/572, LPIPS=0.0498, tokens changed=190/576 (33.0%)
[699] survived=True, score=372/572, LPIPS=0.0137, tokens changed=129/576 (22.4%)
[700] survived=True, score=340/572, LPIPS=0.0303, tokens changed=172/576 (29.9%)
[701] survived=False, score=293/572, LPIPS=0.0128, tokens changed=237/576 (41.1%)
[702] survived=True, score=477/572, LPIPS=0.0121, tokens changed=48/576 (8.3%)
[703] survived=True, score=367/572, LPIPS=0.0440, tokens changed=149/576 (25.9%)
[704] survived=True, score=377/572, LPIPS=0.0355, tokens changed=141/576 (24.5%)
[705] survived=True, score=372/572, LPIPS=0.0288, tokens changed=134/576 (23.3%)
[706] survived=True, score=418/572, LPIPS=0.0350, tokens changed=110/576 (19.1%)
[707] survived=False, score=319/572, LPIPS=0.0501, tokens changed=223/576 (38.7%)
[708] survived=True, score=372/572, LPIPS=0.0121, tokens changed=166/576 (28.8%)
[709] survived=True, score=355/572, LPIPS=0.0504, tokens changed=190/576 (33.0%)
[710] survived=True, score=326/572, LPIPS=0.0138, tokens changed=228/576 (39.6%)
[711] survived=True, score=334/572, LPIPS=0.0156, tokens changed=220/576 (38.2%)
[712] survived=True, score=357/572, LPIPS=0.0209, tokens changed=144/576 (25.0%)
[713] survived=True, score=331/572, LPIPS=0.0269, tokens changed=197/576 (34.2%)
[714] survived=True, score=415/572, LPIPS=0.0190, tokens changed=99/576 (17.2%)
[715] survived=True, score=419/572, LPIPS=0.0064, tokens changed=98/576 (17.0%)
[716] survived=True, score=384/572, LPIPS=0.0498, tokens changed=130/576 (22.6%)
[717] survived=True, score=348/572, LPIPS=0.0381, tokens changed=164/576 (28.5%)
[718] survived=False, score=318/572, LPIPS=0.0352, tokens changed=224/576 (38.9%)
[719] survived=True, score=331/572, LPIPS=0.0192, tokens changed=227/576 (39.4%)
[720] survived=True, score=355/572, LPIPS=0.0290, tokens changed=166/576 (28.8%)
[721] survived=True, score=350/572, LPIPS=0.0273, tokens changed=156/576 (27.1%)
[722] survived=True, score=337/572, LPIPS=0.0198, tokens changed=266/576 (46.2%)
[723] survived=True, score=364/572, LPIPS=0.0164, tokens changed=175/576 (30.4%)
[724] survived=True, score=351/572, LPIPS=0.0286, tokens changed=184/576 (31.9%)
[725] survived=True, score=391/572, LPIPS=0.0288, tokens changed=121/576 (21.0%)
[726] survived=True, score=411/572, LPIPS=0.0161, tokens changed=113/576 (19.6%)
[727] survived=True, score=350/572, LPIPS=0.0428, tokens changed=169/576 (29.3%)
[728] survived=True, score=362/572, LPIPS=0.0314, tokens changed=165/576 (28.6%)
[729] survived=False, score=322/572, LPIPS=0.0233, tokens changed=233/576 (40.5%)
[730] survived=True, score=395/572, LPIPS=0.0359, tokens changed=121/576 (21.0%)
[731] survived=True, score=369/572, LPIPS=0.0250, tokens changed=149/576 (25.9%)
[732] survived=True, score=355/572, LPIPS=0.0380, tokens changed=171/576 (29.7%)
[733] survived=False, score=317/572, LPIPS=0.0241, tokens changed=253/576 (43.9%)
[734] survived=True, score=393/572, LPIPS=0.0314, tokens changed=119/576 (20.7%)
[735] survived=True, score=366/572, LPIPS=0.0494, tokens changed=150/576 (26.0%)
[736] survived=True, score=328/572, LPIPS=0.0276, tokens changed=229/576 (39.8%)
[737] survived=True, score=378/572, LPIPS=0.0155, tokens changed=113/576 (19.6%)
[738] survived=True, score=431/572, LPIPS=0.0341, tokens changed=100/576 (17.4%)
[739] survived=True, score=381/572, LPIPS=0.0237, tokens changed=158/576 (27.4%)
[740] survived=True, score=328/572, LPIPS=0.0311, tokens changed=224/576 (38.9%)
[741] survived=False, score=300/572, LPIPS=0.0946, tokens changed=262/576 (45.5%)
[742] survived=False, score=313/572, LPIPS=0.0290, tokens changed=229/576 (39.8%)
[743] survived=True, score=359/572, LPIPS=0.0384, tokens changed=136/576 (23.6%)
[744] survived=True, score=348/572, LPIPS=0.0147, tokens changed=192/576 (33.3%)
[745] survived=True, score=362/572, LPIPS=0.0322, tokens changed=190/576 (33.0%)
[746] survived=True, score=383/572, LPIPS=0.0162, tokens changed=137/576 (23.8%)
[747] survived=False, score=298/572, LPIPS=0.0260, tokens changed=261/576 (45.3%)
[748] survived=False, score=295/572, LPIPS=0.0680, tokens changed=317/576 (55.0%)
[749] survived=False, score=316/572, LPIPS=0.0164, tokens changed=355/576 (61.6%)
[750] survived=True, score=390/572, LPIPS=0.0361, tokens changed=105/576 (18.2%)
[751] survived=True, score=353/572, LPIPS=0.0302, tokens changed=150/576 (26.0%)
[752] survived=True, score=396/572, LPIPS=0.0392, tokens changed=143/576 (24.8%)
[753] survived=True, score=323/572, LPIPS=0.0687, tokens changed=407/576 (70.7%)
[754] survived=False, score=318/572, LPIPS=0.0351, tokens changed=303/576 (52.6%)
[755] survived=True, score=323/572, LPIPS=0.0589, tokens changed=163/576 (28.3%)
[756] survived=False, score=311/572, LPIPS=0.0602, tokens changed=233/576 (40.5%)
[757] survived=True, score=333/572, LPIPS=0.0255, tokens changed=202/576 (35.1%)
[758] survived=True, score=374/572, LPIPS=0.0184, tokens changed=148/576 (25.7%)
[759] survived=True, score=331/572, LPIPS=0.0295, tokens changed=255/576 (44.3%)
[760] survived=False, score=316/572, LPIPS=0.0214, tokens changed=196/576 (34.0%)
[761] survived=True, score=375/572, LPIPS=0.0335, tokens changed=140/576 (24.3%)
[762] survived=True, score=424/572, LPIPS=0.0210, tokens changed=92/576 (16.0%)
[763] survived=True, score=408/572, LPIPS=0.0167, tokens changed=100/576 (17.4%)
[764] survived=False, score=313/572, LPIPS=0.0383, tokens changed=202/576 (35.1%)
[765] survived=True, score=347/572, LPIPS=0.0274, tokens changed=159/576 (27.6%)
[766] survived=True, score=327/572, LPIPS=0.0352, tokens changed=242/576 (42.0%)
[767] survived=True, score=367/572, LPIPS=0.0165, tokens changed=178/576 (30.9%)
[768] survived=True, score=465/572, LPIPS=0.0174, tokens changed=49/576 (8.5%)
[769] survived=False, score=297/572, LPIPS=0.0174, tokens changed=240/576 (41.7%)
[770] survived=True, score=373/572, LPIPS=0.0379, tokens changed=115/576 (20.0%)
[771] survived=True, score=326/572, LPIPS=0.0312, tokens changed=221/576 (38.4%)
[772] survived=True, score=383/572, LPIPS=0.0279, tokens changed=127/576 (22.0%)
[773] survived=True, score=343/572, LPIPS=0.0197, tokens changed=192/576 (33.3%)
[774] survived=True, score=432/572, LPIPS=0.0296, tokens changed=98/576 (17.0%)
[775] survived=True, score=349/572, LPIPS=0.0344, tokens changed=167/576 (29.0%)
[776] survived=True, score=439/572, LPIPS=0.0224, tokens changed=92/576 (16.0%)
[777] survived=True, score=371/572, LPIPS=0.0066, tokens changed=134/576 (23.3%)
[778] survived=True, score=325/572, LPIPS=0.0393, tokens changed=191/576 (33.2%)
[779] survived=True, score=330/572, LPIPS=0.0351, tokens changed=178/576 (30.9%)
[780] survived=True, score=405/572, LPIPS=0.0267, tokens changed=130/576 (22.6%)
[781] survived=True, score=327/572, LPIPS=0.0658, tokens changed=240/576 (41.7%)
[782] survived=True, score=381/572, LPIPS=0.0119, tokens changed=149/576 (25.9%)
[783] survived=True, score=348/572, LPIPS=0.0279, tokens changed=212/576 (36.8%)
[784] survived=True, score=338/572, LPIPS=0.0277, tokens changed=227/576 (39.4%)
[785] survived=True, score=361/572, LPIPS=0.0200, tokens changed=177/576 (30.7%)
[786] survived=True, score=404/572, LPIPS=0.0320, tokens changed=114/576 (19.8%)
[787] survived=True, score=380/572, LPIPS=0.0208, tokens changed=180/576 (31.2%)
[788] survived=True, score=327/572, LPIPS=0.0423, tokens changed=201/576 (34.9%)
[789] survived=False, score=291/572, LPIPS=0.0159, tokens changed=233/576 (40.5%)
[790] survived=True, score=344/572, LPIPS=0.0518, tokens changed=204/576 (35.4%)
[791] survived=True, score=370/572, LPIPS=0.0649, tokens changed=188/576 (32.6%)
[792] survived=True, score=370/572, LPIPS=0.0441, tokens changed=120/576 (20.8%)
[793] survived=True, score=335/572, LPIPS=0.0372, tokens changed=237/576 (41.1%)
[794] survived=False, score=319/572, LPIPS=0.0465, tokens changed=219/576 (38.0%)
[795] survived=True, score=376/572, LPIPS=0.0383, tokens changed=126/576 (21.9%)
[796] survived=True, score=352/572, LPIPS=0.0279, tokens changed=165/576 (28.6%)
[797] survived=True, score=422/572, LPIPS=0.0173, tokens changed=78/576 (13.5%)
[798] survived=True, score=351/572, LPIPS=0.0266, tokens changed=160/576 (27.8%)
[799] survived=True, score=337/572, LPIPS=0.0366, tokens changed=222/576 (38.5%)
[800] survived=True, score=344/572, LPIPS=0.0649, tokens changed=212/576 (36.8%)
[801] survived=True, score=406/572, LPIPS=0.0260, tokens changed=93/576 (16.1%)
[802] survived=True, score=389/572, LPIPS=0.0281, tokens changed=135/576 (23.4%)
[803] survived=True, score=407/572, LPIPS=0.0223, tokens changed=98/576 (17.0%)
[804] survived=False, score=302/572, LPIPS=0.0180, tokens changed=292/576 (50.7%)
[805] survived=True, score=390/572, LPIPS=0.0261, tokens changed=98/576 (17.0%)
[806] survived=True, score=355/572, LPIPS=0.0365, tokens changed=193/576 (33.5%)
[807] survived=True, score=341/572, LPIPS=0.0249, tokens changed=162/576 (28.1%)
[808] survived=True, score=397/572, LPIPS=0.0243, tokens changed=95/576 (16.5%)
[809] survived=True, score=343/572, LPIPS=0.0296, tokens changed=162/576 (28.1%)
[810] survived=True, score=382/572, LPIPS=0.0187, tokens changed=144/576 (25.0%)
[811] survived=True, score=323/572, LPIPS=0.0371, tokens changed=319/576 (55.4%)
[812] survived=True, score=450/572, LPIPS=0.0131, tokens changed=82/576 (14.2%)
[813] survived=True, score=369/572, LPIPS=0.0346, tokens changed=152/576 (26.4%)
[814] survived=True, score=391/572, LPIPS=0.0342, tokens changed=116/576 (20.1%)
[815] survived=False, score=316/572, LPIPS=0.0671, tokens changed=270/576 (46.9%)
[816] survived=True, score=359/572, LPIPS=0.0201, tokens changed=151/576 (26.2%)
[817] survived=True, score=351/572, LPIPS=0.0227, tokens changed=168/576 (29.2%)
[818] survived=True, score=329/572, LPIPS=0.0199, tokens changed=229/576 (39.8%)
[819] survived=True, score=389/572, LPIPS=0.0461, tokens changed=162/576 (28.1%)
[820] survived=True, score=392/572, LPIPS=0.0342, tokens changed=132/576 (22.9%)
[821] survived=True, score=351/572, LPIPS=0.0323, tokens changed=149/576 (25.9%)
[822] survived=True, score=364/572, LPIPS=0.0291, tokens changed=128/576 (22.2%)
[823] survived=True, score=377/572, LPIPS=0.0155, tokens changed=141/576 (24.5%)
[824] survived=False, score=287/572, LPIPS=0.0818, tokens changed=350/576 (60.8%)
[825] survived=True, score=449/572, LPIPS=0.0277, tokens changed=54/576 (9.4%)
[826] survived=True, score=332/572, LPIPS=0.0335, tokens changed=244/576 (42.4%)
[827] survived=True, score=329/572, LPIPS=0.0236, tokens changed=198/576 (34.4%)
[828] survived=True, score=341/572, LPIPS=0.0427, tokens changed=179/576 (31.1%)
[829] survived=True, score=333/572, LPIPS=0.0529, tokens changed=159/576 (27.6%)
[830] survived=True, score=388/572, LPIPS=0.0195, tokens changed=214/576 (37.2%)
[831] survived=True, score=357/572, LPIPS=0.0185, tokens changed=182/576 (31.6%)
[832] survived=True, score=354/572, LPIPS=0.0463, tokens changed=140/576 (24.3%)
[833] survived=True, score=328/572, LPIPS=0.0418, tokens changed=177/576 (30.7%)
[834] survived=True, score=329/572, LPIPS=0.0227, tokens changed=235/576 (40.8%)
[835] survived=True, score=327/572, LPIPS=0.0480, tokens changed=169/576 (29.3%)
[836] survived=True, score=323/572, LPIPS=0.0068, tokens changed=240/576 (41.7%)
[837] survived=True, score=401/572, LPIPS=0.0153, tokens changed=110/576 (19.1%)
[838] survived=True, score=327/572, LPIPS=0.0119, tokens changed=235/576 (40.8%)
[839] survived=True, score=331/572, LPIPS=0.0705, tokens changed=233/576 (40.5%)
[840] survived=True, score=339/572, LPIPS=0.0428, tokens changed=238/576 (41.3%)
[841] survived=True, score=402/572, LPIPS=0.0127, tokens changed=157/576 (27.3%)
[842] survived=True, score=449/572, LPIPS=0.0085, tokens changed=87/576 (15.1%)
[843] survived=True, score=469/572, LPIPS=0.0267, tokens changed=53/576 (9.2%)
[844] survived=False, score=313/572, LPIPS=0.0249, tokens changed=316/576 (54.9%)
[845] survived=True, score=403/572, LPIPS=0.0167, tokens changed=119/576 (20.7%)
[846] survived=True, score=335/572, LPIPS=0.0177, tokens changed=195/576 (33.9%)
[847] survived=True, score=444/572, LPIPS=0.0298, tokens changed=76/576 (13.2%)
[848] survived=False, score=306/572, LPIPS=0.0335, tokens changed=246/576 (42.7%)
[849] survived=True, score=367/572, LPIPS=0.0340, tokens changed=191/576 (33.2%)
[850] survived=True, score=411/572, LPIPS=0.0286, tokens changed=101/576 (17.5%)
[851] survived=True, score=324/572, LPIPS=0.0279, tokens changed=179/576 (31.1%)
[852] survived=True, score=409/572, LPIPS=0.0118, tokens changed=107/576 (18.6%)
[853] survived=True, score=440/572, LPIPS=0.0338, tokens changed=75/576 (13.0%)
[854] survived=False, score=285/572, LPIPS=0.0469, tokens changed=338/576 (58.7%)
[855] survived=True, score=417/572, LPIPS=0.0362, tokens changed=95/576 (16.5%)
[856] survived=True, score=397/572, LPIPS=0.0247, tokens changed=126/576 (21.9%)
[857] survived=True, score=405/572, LPIPS=0.0165, tokens changed=117/576 (20.3%)
[858] survived=False, score=316/572, LPIPS=0.0651, tokens changed=245/576 (42.5%)
[859] survived=True, score=332/572, LPIPS=0.0199, tokens changed=216/576 (37.5%)
[860] survived=True, score=366/572, LPIPS=0.0442, tokens changed=178/576 (30.9%)
[861] survived=True, score=343/572, LPIPS=0.0351, tokens changed=130/576 (22.6%)
[862] survived=True, score=357/572, LPIPS=0.0218, tokens changed=159/576 (27.6%)
[863] survived=True, score=359/572, LPIPS=0.0252, tokens changed=147/576 (25.5%)
[864] survived=True, score=394/572, LPIPS=0.0377, tokens changed=131/576 (22.7%)
[865] survived=True, score=450/572, LPIPS=0.0391, tokens changed=68/576 (11.8%)
[866] survived=True, score=442/572, LPIPS=0.0281, tokens changed=65/576 (11.3%)
[867] survived=True, score=375/572, LPIPS=0.0348, tokens changed=166/576 (28.8%)
[868] survived=True, score=379/572, LPIPS=0.0211, tokens changed=116/576 (20.1%)
[869] survived=False, score=321/572, LPIPS=0.0246, tokens changed=258/576 (44.8%)
[870] survived=True, score=366/572, LPIPS=0.0515, tokens changed=175/576 (30.4%)
[871] survived=False, score=317/572, LPIPS=0.0404, tokens changed=197/576 (34.2%)
[872] survived=False, score=315/572, LPIPS=0.0257, tokens changed=276/576 (47.9%)
[873] survived=True, score=432/572, LPIPS=0.0276, tokens changed=79/576 (13.7%)
[874] survived=True, score=391/572, LPIPS=0.0358, tokens changed=129/576 (22.4%)
[875] survived=True, score=360/572, LPIPS=0.0258, tokens changed=136/576 (23.6%)
[876] survived=True, score=394/572, LPIPS=0.0149, tokens changed=132/576 (22.9%)
[877] survived=True, score=350/572, LPIPS=0.0464, tokens changed=188/576 (32.6%)
[878] survived=True, score=358/572, LPIPS=0.0242, tokens changed=181/576 (31.4%)
[879] survived=True, score=396/572, LPIPS=0.0314, tokens changed=127/576 (22.0%)
[880] survived=True, score=392/572, LPIPS=0.0349, tokens changed=87/576 (15.1%)
[881] survived=True, score=356/572, LPIPS=0.0280, tokens changed=171/576 (29.7%)
[882] survived=True, score=362/572, LPIPS=0.0286, tokens changed=242/576 (42.0%)
[883] survived=True, score=333/572, LPIPS=0.0614, tokens changed=195/576 (33.9%)
[884] survived=True, score=325/572, LPIPS=0.0462, tokens changed=186/576 (32.3%)
[885] survived=True, score=441/572, LPIPS=0.0064, tokens changed=65/576 (11.3%)
[886] survived=True, score=345/572, LPIPS=0.0501, tokens changed=223/576 (38.7%)
[887] survived=True, score=383/572, LPIPS=0.0358, tokens changed=121/576 (21.0%)
[888] survived=True, score=414/572, LPIPS=0.0273, tokens changed=100/576 (17.4%)
[889] survived=True, score=397/572, LPIPS=0.0156, tokens changed=125/576 (21.7%)
[890] survived=True, score=407/572, LPIPS=0.0264, tokens changed=91/576 (15.8%)
[891] survived=True, score=356/572, LPIPS=0.0094, tokens changed=181/576 (31.4%)
[892] survived=True, score=332/572, LPIPS=0.0260, tokens changed=190/576 (33.0%)
[893] survived=False, score=314/572, LPIPS=0.0301, tokens changed=225/576 (39.1%)
[894] survived=True, score=323/572, LPIPS=0.0246, tokens changed=191/576 (33.2%)
[895] survived=False, score=309/572, LPIPS=0.0141, tokens changed=230/576 (39.9%)
[896] survived=True, score=353/572, LPIPS=0.0303, tokens changed=169/576 (29.3%)
[897] survived=True, score=361/572, LPIPS=0.0487, tokens changed=215/576 (37.3%)
[898] survived=True, score=444/572, LPIPS=0.0321, tokens changed=75/576 (13.0%)
[899] survived=False, score=291/572, LPIPS=0.0186, tokens changed=242/576 (42.0%)
[900] survived=True, score=374/572, LPIPS=0.0363, tokens changed=124/576 (21.5%)
[901] survived=True, score=422/572, LPIPS=0.0079, tokens changed=95/576 (16.5%)
[902] survived=False, score=316/572, LPIPS=0.0103, tokens changed=244/576 (42.4%)
[903] survived=True, score=333/572, LPIPS=0.0209, tokens changed=201/576 (34.9%)
[904] survived=False, score=293/572, LPIPS=0.0518, tokens changed=465/576 (80.7%)
[905] survived=False, score=307/572, LPIPS=0.0156, tokens changed=256/576 (44.4%)
[906] survived=True, score=422/572, LPIPS=0.0067, tokens changed=100/576 (17.4%)
[907] survived=True, score=348/572, LPIPS=0.0235, tokens changed=171/576 (29.7%)
[908] survived=True, score=345/572, LPIPS=0.0203, tokens changed=181/576 (31.4%)
[909] survived=True, score=421/572, LPIPS=0.0333, tokens changed=89/576 (15.5%)
[910] survived=True, score=347/572, LPIPS=0.0148, tokens changed=176/576 (30.6%)
[911] survived=True, score=419/572, LPIPS=0.0174, tokens changed=115/576 (20.0%)
[912] survived=True, score=378/572, LPIPS=0.0469, tokens changed=150/576 (26.0%)
[913] survived=True, score=378/572, LPIPS=0.0224, tokens changed=131/576 (22.7%)
[914] survived=True, score=411/572, LPIPS=0.0273, tokens changed=120/576 (20.8%)
[915] survived=True, score=386/572, LPIPS=0.0305, tokens changed=151/576 (26.2%)
[916] survived=False, score=298/572, LPIPS=0.0456, tokens changed=307/576 (53.3%)
[917] survived=True, score=388/572, LPIPS=0.0301, tokens changed=116/576 (20.1%)
[918] survived=False, score=307/572, LPIPS=0.0712, tokens changed=219/576 (38.0%)
[919] survived=True, score=390/572, LPIPS=0.0225, tokens changed=107/576 (18.6%)
[920] survived=True, score=342/572, LPIPS=0.0196, tokens changed=147/576 (25.5%)
[921] survived=False, score=306/572, LPIPS=0.0219, tokens changed=195/576 (33.9%)
[922] survived=False, score=282/572, LPIPS=0.0488, tokens changed=308/576 (53.5%)
[923] survived=True, score=395/572, LPIPS=0.0147, tokens changed=96/576 (16.7%)
[924] survived=True, score=412/572, LPIPS=0.0113, tokens changed=95/576 (16.5%)
[925] survived=False, score=303/572, LPIPS=0.0157, tokens changed=220/576 (38.2%)
[926] survived=True, score=487/572, LPIPS=0.0112, tokens changed=49/576 (8.5%)
[927] survived=True, score=410/572, LPIPS=0.0171, tokens changed=90/576 (15.6%)
[928] survived=True, score=443/572, LPIPS=0.0102, tokens changed=70/576 (12.2%)
[929] survived=True, score=404/572, LPIPS=0.0127, tokens changed=85/576 (14.8%)
[930] survived=True, score=451/572, LPIPS=0.0116, tokens changed=57/576 (9.9%)
[931] survived=True, score=514/572, LPIPS=0.0096, tokens changed=25/576 (4.3%)
[932] survived=True, score=458/572, LPIPS=0.0114, tokens changed=59/576 (10.2%)
[933] survived=True, score=456/572, LPIPS=0.0240, tokens changed=82/576 (14.2%)
[934] survived=True, score=399/572, LPIPS=0.0095, tokens changed=101/576 (17.5%)
[935] survived=True, score=458/572, LPIPS=0.0123, tokens changed=57/576 (9.9%)
[936] survived=True, score=441/572, LPIPS=0.0108, tokens changed=69/576 (12.0%)
[937] survived=True, score=480/572, LPIPS=0.0160, tokens changed=49/576 (8.5%)
[938] survived=True, score=472/572, LPIPS=0.0123, tokens changed=51/576 (8.9%)
[939] survived=True, score=401/572, LPIPS=0.0327, tokens changed=119/576 (20.7%)
[940] survived=True, score=435/572, LPIPS=0.0112, tokens changed=78/576 (13.5%)
[941] survived=True, score=391/572, LPIPS=0.0181, tokens changed=112/576 (19.4%)
[942] survived=True, score=417/572, LPIPS=0.0209, tokens changed=103/576 (17.9%)
[943] survived=True, score=457/572, LPIPS=0.0193, tokens changed=63/576 (10.9%)
[944] survived=True, score=476/572, LPIPS=0.0181, tokens changed=59/576 (10.2%)
[945] survived=True, score=412/572, LPIPS=0.0211, tokens changed=82/576 (14.2%)
[946] survived=True, score=366/572, LPIPS=0.0404, tokens changed=149/576 (25.9%)
[947] survived=True, score=356/572, LPIPS=0.0362, tokens changed=161/576 (28.0%)
[948] survived=True, score=344/572, LPIPS=0.0131, tokens changed=238/576 (41.3%)
[949] survived=True, score=403/572, LPIPS=0.0288, tokens changed=104/576 (18.1%)
[950] survived=True, score=376/572, LPIPS=0.0219, tokens changed=107/576 (18.6%)
[951] survived=True, score=404/572, LPIPS=0.0187, tokens changed=103/576 (17.9%)
[952] survived=True, score=397/572, LPIPS=0.0210, tokens changed=99/576 (17.2%)
[953] survived=True, score=357/572, LPIPS=0.0342, tokens changed=182/576 (31.6%)
[954] survived=True, score=416/572, LPIPS=0.0091, tokens changed=88/576 (15.3%)
[955] survived=True, score=428/572, LPIPS=0.0399, tokens changed=82/576 (14.2%)
[956] survived=True, score=422/572, LPIPS=0.0094, tokens changed=127/576 (22.0%)
[957] survived=True, score=377/572, LPIPS=0.0327, tokens changed=118/576 (20.5%)
[958] survived=True, score=408/572, LPIPS=0.0231, tokens changed=117/576 (20.3%)
[959] survived=True, score=397/572, LPIPS=0.0216, tokens changed=108/576 (18.8%)
[960] survived=True, score=416/572, LPIPS=0.0173, tokens changed=117/576 (20.3%)
[961] survived=True, score=430/572, LPIPS=0.0170, tokens changed=83/576 (14.4%)
[962] survived=True, score=450/572, LPIPS=0.0186, tokens changed=65/576 (11.3%)
[963] survived=True, score=428/572, LPIPS=0.0307, tokens changed=91/576 (15.8%)
[964] survived=True, score=474/572, LPIPS=0.0109, tokens changed=83/576 (14.4%)
[965] survived=True, score=411/572, LPIPS=0.0153, tokens changed=94/576 (16.3%)
[966] survived=True, score=410/572, LPIPS=0.0136, tokens changed=87/576 (15.1%)
[967] survived=True, score=402/572, LPIPS=0.0123, tokens changed=105/576 (18.2%)
[968] survived=True, score=395/572, LPIPS=0.0175, tokens changed=122/576 (21.2%)
[969] survived=True, score=402/572, LPIPS=0.0118, tokens changed=108/576 (18.8%)
[970] survived=True, score=382/572, LPIPS=0.0255, tokens changed=144/576 (25.0%)
[971] survived=True, score=432/572, LPIPS=0.0213, tokens changed=97/576 (16.8%)
[972] survived=True, score=395/572, LPIPS=0.0392, tokens changed=108/576 (18.8%)
[973] survived=True, score=394/572, LPIPS=0.0402, tokens changed=123/576 (21.4%)
[974] survived=True, score=439/572, LPIPS=0.0213, tokens changed=75/576 (13.0%)
[975] survived=True, score=348/572, LPIPS=0.0447, tokens changed=158/576 (27.4%)
[976] survived=True, score=437/572, LPIPS=0.0168, tokens changed=82/576 (14.2%)
[977] survived=True, score=352/572, LPIPS=0.0376, tokens changed=185/576 (32.1%)
[978] survived=True, score=364/572, LPIPS=0.0191, tokens changed=147/576 (25.5%)
[979] survived=True, score=399/572, LPIPS=0.0407, tokens changed=111/576 (19.3%)
[980] survived=True, score=447/572, LPIPS=0.0205, tokens changed=66/576 (11.5%)
[981] survived=True, score=381/572, LPIPS=0.0148, tokens changed=112/576 (19.4%)
[982] survived=True, score=447/572, LPIPS=0.0157, tokens changed=75/576 (13.0%)
[983] survived=True, score=355/572, LPIPS=0.0203, tokens changed=171/576 (29.7%)
[984] survived=True, score=411/572, LPIPS=0.0234, tokens changed=125/576 (21.7%)
[985] survived=True, score=408/572, LPIPS=0.0242, tokens changed=101/576 (17.5%)
[986] survived=True, score=435/572, LPIPS=0.0100, tokens changed=72/576 (12.5%)
[987] survived=True, score=333/572, LPIPS=0.0423, tokens changed=176/576 (30.6%)
[988] survived=True, score=466/572, LPIPS=0.0116, tokens changed=48/576 (8.3%)
[989] survived=True, score=472/572, LPIPS=0.0079, tokens changed=44/576 (7.6%)
[990] survived=True, score=482/572, LPIPS=0.0144, tokens changed=53/576 (9.2%)
[991] survived=True, score=396/572, LPIPS=0.0228, tokens changed=92/576 (16.0%)
[992] survived=True, score=419/572, LPIPS=0.0217, tokens changed=77/576 (13.4%)
[993] survived=True, score=478/572, LPIPS=0.0096, tokens changed=41/576 (7.1%)
[994] survived=True, score=466/572, LPIPS=0.0164, tokens changed=59/576 (10.2%)
[995] survived=True, score=506/572, LPIPS=0.0046, tokens changed=28/576 (4.9%)
[996] survived=True, score=440/572, LPIPS=0.0445, tokens changed=67/576 (11.6%)
[997] survived=True, score=472/572, LPIPS=0.0253, tokens changed=55/576 (9.5%)
[998] survived=True, score=389/572, LPIPS=0.0352, tokens changed=144/576 (25.0%)
[999] survived=True, score=364/572, LPIPS=0.0181, tokens changed=125/576 (21.7%)

=== Attack 2 Summary ===
Images evaluated:        1000
Watermark survival rate: 908/1000 (90.8%)
Mean LPIPS distortion:   0.0260
Mean tokens changed:     22.3%
Results saved to results/attack2/results.json
